{"C:\\Users\\micha\\gitlab-dcu\\2020-ca400-collim38-ejikei2\\src\\backend\\test\\routes\\api\\file.js":{"path":"C:\\Users\\micha\\gitlab-dcu\\2020-ca400-collim38-ejikei2\\src\\backend\\test\\routes\\api\\file.js","statementMap":{"0":{"start":{"line":1,"column":13},"end":{"line":1,"column":28}},"1":{"start":{"line":2,"column":17},"end":{"line":2,"column":37}},"2":{"start":{"line":3,"column":15},"end":{"line":3,"column":28}},"3":{"start":{"line":4,"column":15},"end":{"line":4,"column":32}},"4":{"start":{"line":6,"column":13},"end":{"line":6,"column":49}},"5":{"start":{"line":7,"column":13},"end":{"line":7,"column":49}},"6":{"start":{"line":8,"column":15},"end":{"line":8,"column":53}},"7":{"start":{"line":9,"column":15},"end":{"line":9,"column":43}},"8":{"start":{"line":13,"column":0},"end":{"line":13,"column":19}},"9":{"start":{"line":15,"column":0},"end":{"line":362,"column":3}},"10":{"start":{"line":17,"column":4},"end":{"line":47,"column":7}},"11":{"start":{"line":18,"column":8},"end":{"line":46,"column":11}},"12":{"start":{"line":19,"column":12},"end":{"line":45,"column":15}},"13":{"start":{"line":21,"column":29},"end":{"line":26,"column":17}},"14":{"start":{"line":27,"column":16},"end":{"line":44,"column":23}},"15":{"start":{"line":32,"column":41},"end":{"line":35,"column":25}},"16":{"start":{"line":37,"column":24},"end":{"line":43,"column":31}},"17":{"start":{"line":41,"column":32},"end":{"line":41,"column":55}},"18":{"start":{"line":42,"column":32},"end":{"line":42,"column":39}},"19":{"start":{"line":49,"column":4},"end":{"line":53,"column":7}},"20":{"start":{"line":50,"column":8},"end":{"line":52,"column":11}},"21":{"start":{"line":51,"column":12},"end":{"line":51,"column":19}},"22":{"start":{"line":54,"column":4},"end":{"line":58,"column":7}},"23":{"start":{"line":55,"column":8},"end":{"line":57,"column":11}},"24":{"start":{"line":56,"column":12},"end":{"line":56,"column":19}},"25":{"start":{"line":60,"column":4},"end":{"line":68,"column":7}},"26":{"start":{"line":61,"column":8},"end":{"line":67,"column":11}},"27":{"start":{"line":62,"column":12},"end":{"line":66,"column":15}},"28":{"start":{"line":63,"column":16},"end":{"line":65,"column":19}},"29":{"start":{"line":64,"column":20},"end":{"line":64,"column":27}},"30":{"start":{"line":70,"column":4},"end":{"line":132,"column":7}},"31":{"start":{"line":71,"column":8},"end":{"line":85,"column":11}},"32":{"start":{"line":72,"column":12},"end":{"line":84,"column":19}},"33":{"start":{"line":79,"column":20},"end":{"line":79,"column":48}},"34":{"start":{"line":80,"column":20},"end":{"line":80,"column":51}},"35":{"start":{"line":81,"column":20},"end":{"line":81,"column":71}},"36":{"start":{"line":83,"column":20},"end":{"line":83,"column":27}},"37":{"start":{"line":87,"column":8},"end":{"line":101,"column":11}},"38":{"start":{"line":88,"column":12},"end":{"line":100,"column":19}},"39":{"start":{"line":95,"column":20},"end":{"line":95,"column":48}},"40":{"start":{"line":96,"column":20},"end":{"line":96,"column":51}},"41":{"start":{"line":97,"column":20},"end":{"line":97,"column":72}},"42":{"start":{"line":99,"column":20},"end":{"line":99,"column":27}},"43":{"start":{"line":103,"column":8},"end":{"line":116,"column":11}},"44":{"start":{"line":104,"column":12},"end":{"line":115,"column":19}},"45":{"start":{"line":110,"column":20},"end":{"line":110,"column":48}},"46":{"start":{"line":111,"column":20},"end":{"line":111,"column":51}},"47":{"start":{"line":112,"column":20},"end":{"line":112,"column":72}},"48":{"start":{"line":114,"column":20},"end":{"line":114,"column":27}},"49":{"start":{"line":118,"column":8},"end":{"line":131,"column":11}},"50":{"start":{"line":119,"column":12},"end":{"line":130,"column":19}},"51":{"start":{"line":125,"column":20},"end":{"line":125,"column":48}},"52":{"start":{"line":126,"column":20},"end":{"line":126,"column":51}},"53":{"start":{"line":127,"column":20},"end":{"line":127,"column":72}},"54":{"start":{"line":129,"column":20},"end":{"line":129,"column":27}},"55":{"start":{"line":134,"column":4},"end":{"line":177,"column":7}},"56":{"start":{"line":135,"column":8},"end":{"line":161,"column":11}},"57":{"start":{"line":137,"column":12},"end":{"line":160,"column":19}},"58":{"start":{"line":144,"column":20},"end":{"line":144,"column":48}},"59":{"start":{"line":145,"column":20},"end":{"line":145,"column":51}},"60":{"start":{"line":146,"column":20},"end":{"line":146,"column":71}},"61":{"start":{"line":149,"column":20},"end":{"line":159,"column":27}},"62":{"start":{"line":153,"column":28},"end":{"line":153,"column":56}},"63":{"start":{"line":154,"column":28},"end":{"line":154,"column":59}},"64":{"start":{"line":155,"column":28},"end":{"line":155,"column":79}},"65":{"start":{"line":156,"column":28},"end":{"line":156,"column":84}},"66":{"start":{"line":158,"column":28},"end":{"line":158,"column":35}},"67":{"start":{"line":163,"column":8},"end":{"line":176,"column":11}},"68":{"start":{"line":165,"column":12},"end":{"line":175,"column":19}},"69":{"start":{"line":169,"column":20},"end":{"line":169,"column":48}},"70":{"start":{"line":170,"column":20},"end":{"line":170,"column":51}},"71":{"start":{"line":171,"column":20},"end":{"line":171,"column":71}},"72":{"start":{"line":172,"column":20},"end":{"line":172,"column":76}},"73":{"start":{"line":174,"column":20},"end":{"line":174,"column":27}},"74":{"start":{"line":179,"column":4},"end":{"line":361,"column":7}},"75":{"start":{"line":180,"column":8},"end":{"line":233,"column":11}},"76":{"start":{"line":182,"column":12},"end":{"line":232,"column":19}},"77":{"start":{"line":189,"column":20},"end":{"line":189,"column":48}},"78":{"start":{"line":190,"column":20},"end":{"line":190,"column":51}},"79":{"start":{"line":191,"column":20},"end":{"line":191,"column":71}},"80":{"start":{"line":194,"column":20},"end":{"line":231,"column":27}},"81":{"start":{"line":198,"column":28},"end":{"line":198,"column":56}},"82":{"start":{"line":199,"column":28},"end":{"line":199,"column":59}},"83":{"start":{"line":200,"column":28},"end":{"line":200,"column":79}},"84":{"start":{"line":201,"column":28},"end":{"line":201,"column":84}},"85":{"start":{"line":204,"column":41},"end":{"line":207,"column":29}},"86":{"start":{"line":209,"column":28},"end":{"line":230,"column":31}},"87":{"start":{"line":215,"column":32},"end":{"line":215,"column":60}},"88":{"start":{"line":218,"column":32},"end":{"line":229,"column":35}},"89":{"start":{"line":222,"column":36},"end":{"line":222,"column":64}},"90":{"start":{"line":223,"column":36},"end":{"line":223,"column":67}},"91":{"start":{"line":224,"column":36},"end":{"line":224,"column":87}},"92":{"start":{"line":225,"column":36},"end":{"line":225,"column":92}},"93":{"start":{"line":226,"column":36},"end":{"line":226,"column":115}},"94":{"start":{"line":228,"column":36},"end":{"line":228,"column":43}},"95":{"start":{"line":235,"column":8},"end":{"line":275,"column":11}},"96":{"start":{"line":237,"column":12},"end":{"line":274,"column":19}},"97":{"start":{"line":244,"column":20},"end":{"line":244,"column":48}},"98":{"start":{"line":245,"column":20},"end":{"line":245,"column":51}},"99":{"start":{"line":246,"column":20},"end":{"line":246,"column":71}},"100":{"start":{"line":249,"column":20},"end":{"line":273,"column":27}},"101":{"start":{"line":253,"column":28},"end":{"line":253,"column":56}},"102":{"start":{"line":254,"column":28},"end":{"line":254,"column":59}},"103":{"start":{"line":255,"column":28},"end":{"line":255,"column":79}},"104":{"start":{"line":256,"column":28},"end":{"line":256,"column":84}},"105":{"start":{"line":259,"column":41},"end":{"line":261,"column":29}},"106":{"start":{"line":263,"column":28},"end":{"line":272,"column":31}},"107":{"start":{"line":269,"column":32},"end":{"line":269,"column":60}},"108":{"start":{"line":271,"column":32},"end":{"line":271,"column":39}},"109":{"start":{"line":277,"column":8},"end":{"line":317,"column":11}},"110":{"start":{"line":279,"column":12},"end":{"line":316,"column":19}},"111":{"start":{"line":286,"column":20},"end":{"line":286,"column":48}},"112":{"start":{"line":287,"column":20},"end":{"line":287,"column":51}},"113":{"start":{"line":288,"column":20},"end":{"line":288,"column":71}},"114":{"start":{"line":291,"column":20},"end":{"line":315,"column":27}},"115":{"start":{"line":295,"column":28},"end":{"line":295,"column":56}},"116":{"start":{"line":296,"column":28},"end":{"line":296,"column":59}},"117":{"start":{"line":297,"column":28},"end":{"line":297,"column":79}},"118":{"start":{"line":298,"column":28},"end":{"line":298,"column":84}},"119":{"start":{"line":301,"column":41},"end":{"line":303,"column":29}},"120":{"start":{"line":305,"column":28},"end":{"line":314,"column":31}},"121":{"start":{"line":311,"column":32},"end":{"line":311,"column":60}},"122":{"start":{"line":313,"column":32},"end":{"line":313,"column":39}},"123":{"start":{"line":319,"column":8},"end":{"line":360,"column":11}},"124":{"start":{"line":321,"column":12},"end":{"line":359,"column":19}},"125":{"start":{"line":328,"column":20},"end":{"line":328,"column":48}},"126":{"start":{"line":329,"column":20},"end":{"line":329,"column":51}},"127":{"start":{"line":330,"column":20},"end":{"line":330,"column":71}},"128":{"start":{"line":333,"column":20},"end":{"line":358,"column":27}},"129":{"start":{"line":337,"column":28},"end":{"line":337,"column":56}},"130":{"start":{"line":338,"column":28},"end":{"line":338,"column":59}},"131":{"start":{"line":339,"column":28},"end":{"line":339,"column":79}},"132":{"start":{"line":340,"column":28},"end":{"line":340,"column":84}},"133":{"start":{"line":343,"column":41},"end":{"line":346,"column":29}},"134":{"start":{"line":348,"column":28},"end":{"line":357,"column":31}},"135":{"start":{"line":354,"column":32},"end":{"line":354,"column":60}},"136":{"start":{"line":356,"column":32},"end":{"line":356,"column":39}}},"fnMap":{"0":{"name":"(anonymous_0)","decl":{"start":{"line":15,"column":18},"end":{"line":15,"column":19}},"loc":{"start":{"line":15,"column":24},"end":{"line":362,"column":1}},"line":15},"1":{"name":"(anonymous_1)","decl":{"start":{"line":17,"column":11},"end":{"line":17,"column":12}},"loc":{"start":{"line":17,"column":21},"end":{"line":47,"column":5}},"line":17},"2":{"name":"(anonymous_2)","decl":{"start":{"line":18,"column":30},"end":{"line":18,"column":31}},"loc":{"start":{"line":18,"column":36},"end":{"line":46,"column":9}},"line":18},"3":{"name":"(anonymous_3)","decl":{"start":{"line":19,"column":32},"end":{"line":19,"column":33}},"loc":{"start":{"line":19,"column":38},"end":{"line":45,"column":13}},"line":19},"4":{"name":"(anonymous_4)","decl":{"start":{"line":30,"column":25},"end":{"line":30,"column":26}},"loc":{"start":{"line":30,"column":39},"end":{"line":44,"column":21}},"line":30},"5":{"name":"(anonymous_5)","decl":{"start":{"line":40,"column":33},"end":{"line":40,"column":34}},"loc":{"start":{"line":40,"column":47},"end":{"line":43,"column":29}},"line":40},"6":{"name":"(anonymous_6)","decl":{"start":{"line":49,"column":15},"end":{"line":49,"column":16}},"loc":{"start":{"line":49,"column":25},"end":{"line":53,"column":5}},"line":49},"7":{"name":"(anonymous_7)","decl":{"start":{"line":50,"column":28},"end":{"line":50,"column":29}},"loc":{"start":{"line":50,"column":34},"end":{"line":52,"column":9}},"line":50},"8":{"name":"(anonymous_8)","decl":{"start":{"line":54,"column":14},"end":{"line":54,"column":15}},"loc":{"start":{"line":54,"column":24},"end":{"line":58,"column":5}},"line":54},"9":{"name":"(anonymous_9)","decl":{"start":{"line":55,"column":28},"end":{"line":55,"column":29}},"loc":{"start":{"line":55,"column":34},"end":{"line":57,"column":9}},"line":55},"10":{"name":"(anonymous_10)","decl":{"start":{"line":60,"column":10},"end":{"line":60,"column":11}},"loc":{"start":{"line":60,"column":20},"end":{"line":68,"column":5}},"line":60},"11":{"name":"(anonymous_11)","decl":{"start":{"line":61,"column":44},"end":{"line":61,"column":45}},"loc":{"start":{"line":61,"column":50},"end":{"line":67,"column":9}},"line":61},"12":{"name":"(anonymous_12)","decl":{"start":{"line":62,"column":34},"end":{"line":62,"column":35}},"loc":{"start":{"line":62,"column":40},"end":{"line":66,"column":13}},"line":62},"13":{"name":"(anonymous_13)","decl":{"start":{"line":63,"column":36},"end":{"line":63,"column":37}},"loc":{"start":{"line":63,"column":42},"end":{"line":65,"column":17}},"line":63},"14":{"name":"(anonymous_14)","decl":{"start":{"line":70,"column":37},"end":{"line":70,"column":38}},"loc":{"start":{"line":70,"column":43},"end":{"line":132,"column":5}},"line":70},"15":{"name":"(anonymous_15)","decl":{"start":{"line":71,"column":48},"end":{"line":71,"column":49}},"loc":{"start":{"line":71,"column":58},"end":{"line":85,"column":9}},"line":71},"16":{"name":"(anonymous_16)","decl":{"start":{"line":78,"column":21},"end":{"line":78,"column":22}},"loc":{"start":{"line":78,"column":35},"end":{"line":84,"column":17}},"line":78},"17":{"name":"(anonymous_17)","decl":{"start":{"line":87,"column":51},"end":{"line":87,"column":52}},"loc":{"start":{"line":87,"column":61},"end":{"line":101,"column":9}},"line":87},"18":{"name":"(anonymous_18)","decl":{"start":{"line":94,"column":21},"end":{"line":94,"column":22}},"loc":{"start":{"line":94,"column":35},"end":{"line":100,"column":17}},"line":94},"19":{"name":"(anonymous_19)","decl":{"start":{"line":103,"column":71},"end":{"line":103,"column":72}},"loc":{"start":{"line":103,"column":81},"end":{"line":116,"column":9}},"line":103},"20":{"name":"(anonymous_20)","decl":{"start":{"line":109,"column":21},"end":{"line":109,"column":22}},"loc":{"start":{"line":109,"column":35},"end":{"line":115,"column":17}},"line":109},"21":{"name":"(anonymous_21)","decl":{"start":{"line":118,"column":67},"end":{"line":118,"column":68}},"loc":{"start":{"line":118,"column":77},"end":{"line":131,"column":9}},"line":118},"22":{"name":"(anonymous_22)","decl":{"start":{"line":124,"column":21},"end":{"line":124,"column":22}},"loc":{"start":{"line":124,"column":35},"end":{"line":130,"column":17}},"line":124},"23":{"name":"(anonymous_23)","decl":{"start":{"line":134,"column":40},"end":{"line":134,"column":41}},"loc":{"start":{"line":134,"column":46},"end":{"line":177,"column":5}},"line":134},"24":{"name":"(anonymous_24)","decl":{"start":{"line":135,"column":54},"end":{"line":135,"column":55}},"loc":{"start":{"line":135,"column":64},"end":{"line":161,"column":9}},"line":135},"25":{"name":"(anonymous_25)","decl":{"start":{"line":143,"column":21},"end":{"line":143,"column":22}},"loc":{"start":{"line":143,"column":35},"end":{"line":160,"column":17}},"line":143},"26":{"name":"(anonymous_26)","decl":{"start":{"line":152,"column":29},"end":{"line":152,"column":30}},"loc":{"start":{"line":152,"column":43},"end":{"line":159,"column":25}},"line":152},"27":{"name":"(anonymous_27)","decl":{"start":{"line":163,"column":43},"end":{"line":163,"column":44}},"loc":{"start":{"line":163,"column":53},"end":{"line":176,"column":9}},"line":163},"28":{"name":"(anonymous_28)","decl":{"start":{"line":168,"column":21},"end":{"line":168,"column":22}},"loc":{"start":{"line":168,"column":35},"end":{"line":175,"column":17}},"line":168},"29":{"name":"(anonymous_29)","decl":{"start":{"line":179,"column":35},"end":{"line":179,"column":36}},"loc":{"start":{"line":179,"column":41},"end":{"line":361,"column":5}},"line":179},"30":{"name":"(anonymous_30)","decl":{"start":{"line":180,"column":46},"end":{"line":180,"column":47}},"loc":{"start":{"line":180,"column":56},"end":{"line":233,"column":9}},"line":180},"31":{"name":"(anonymous_31)","decl":{"start":{"line":188,"column":21},"end":{"line":188,"column":22}},"loc":{"start":{"line":188,"column":35},"end":{"line":232,"column":17}},"line":188},"32":{"name":"(anonymous_32)","decl":{"start":{"line":197,"column":29},"end":{"line":197,"column":30}},"loc":{"start":{"line":197,"column":43},"end":{"line":231,"column":25}},"line":197},"33":{"name":"(anonymous_33)","decl":{"start":{"line":214,"column":33},"end":{"line":214,"column":34}},"loc":{"start":{"line":214,"column":47},"end":{"line":230,"column":29}},"line":214},"34":{"name":"(anonymous_34)","decl":{"start":{"line":221,"column":37},"end":{"line":221,"column":38}},"loc":{"start":{"line":221,"column":51},"end":{"line":229,"column":33}},"line":221},"35":{"name":"(anonymous_35)","decl":{"start":{"line":235,"column":72},"end":{"line":235,"column":73}},"loc":{"start":{"line":235,"column":82},"end":{"line":275,"column":9}},"line":235},"36":{"name":"(anonymous_36)","decl":{"start":{"line":243,"column":21},"end":{"line":243,"column":22}},"loc":{"start":{"line":243,"column":35},"end":{"line":274,"column":17}},"line":243},"37":{"name":"(anonymous_37)","decl":{"start":{"line":252,"column":29},"end":{"line":252,"column":30}},"loc":{"start":{"line":252,"column":43},"end":{"line":273,"column":25}},"line":252},"38":{"name":"(anonymous_38)","decl":{"start":{"line":268,"column":33},"end":{"line":268,"column":34}},"loc":{"start":{"line":268,"column":47},"end":{"line":272,"column":29}},"line":268},"39":{"name":"(anonymous_39)","decl":{"start":{"line":277,"column":72},"end":{"line":277,"column":73}},"loc":{"start":{"line":277,"column":82},"end":{"line":317,"column":9}},"line":277},"40":{"name":"(anonymous_40)","decl":{"start":{"line":285,"column":21},"end":{"line":285,"column":22}},"loc":{"start":{"line":285,"column":35},"end":{"line":316,"column":17}},"line":285},"41":{"name":"(anonymous_41)","decl":{"start":{"line":294,"column":29},"end":{"line":294,"column":30}},"loc":{"start":{"line":294,"column":43},"end":{"line":315,"column":25}},"line":294},"42":{"name":"(anonymous_42)","decl":{"start":{"line":310,"column":33},"end":{"line":310,"column":34}},"loc":{"start":{"line":310,"column":47},"end":{"line":314,"column":29}},"line":310},"43":{"name":"(anonymous_43)","decl":{"start":{"line":319,"column":59},"end":{"line":319,"column":60}},"loc":{"start":{"line":319,"column":69},"end":{"line":360,"column":9}},"line":319},"44":{"name":"(anonymous_44)","decl":{"start":{"line":327,"column":21},"end":{"line":327,"column":22}},"loc":{"start":{"line":327,"column":35},"end":{"line":359,"column":17}},"line":327},"45":{"name":"(anonymous_45)","decl":{"start":{"line":336,"column":29},"end":{"line":336,"column":30}},"loc":{"start":{"line":336,"column":43},"end":{"line":358,"column":25}},"line":336},"46":{"name":"(anonymous_46)","decl":{"start":{"line":353,"column":33},"end":{"line":353,"column":34}},"loc":{"start":{"line":353,"column":47},"end":{"line":357,"column":29}},"line":353}},"branchMap":{},"s":{"0":1,"1":1,"2":1,"3":1,"4":1,"5":1,"6":1,"7":1,"8":1,"9":1,"10":1,"11":1,"12":1,"13":1,"14":1,"15":1,"16":1,"17":1,"18":1,"19":1,"20":10,"21":10,"22":1,"23":10,"24":10,"25":1,"26":1,"27":1,"28":1,"29":1,"30":1,"31":1,"32":1,"33":1,"34":1,"35":1,"36":1,"37":1,"38":1,"39":1,"40":1,"41":1,"42":1,"43":1,"44":1,"45":1,"46":1,"47":1,"48":1,"49":1,"50":1,"51":1,"52":1,"53":1,"54":1,"55":1,"56":1,"57":1,"58":1,"59":1,"60":1,"61":1,"62":1,"63":1,"64":1,"65":1,"66":1,"67":1,"68":1,"69":1,"70":1,"71":1,"72":1,"73":1,"74":1,"75":1,"76":1,"77":1,"78":1,"79":1,"80":1,"81":1,"82":1,"83":1,"84":1,"85":1,"86":1,"87":1,"88":1,"89":1,"90":1,"91":1,"92":1,"93":1,"94":1,"95":1,"96":1,"97":1,"98":1,"99":1,"100":1,"101":1,"102":1,"103":1,"104":1,"105":1,"106":1,"107":1,"108":1,"109":1,"110":1,"111":1,"112":1,"113":1,"114":1,"115":1,"116":1,"117":1,"118":1,"119":1,"120":1,"121":1,"122":1,"123":1,"124":1,"125":1,"126":1,"127":1,"128":1,"129":1,"130":1,"131":1,"132":1,"133":1,"134":1,"135":1,"136":1},"f":{"0":1,"1":1,"2":1,"3":1,"4":1,"5":1,"6":10,"7":10,"8":10,"9":10,"10":1,"11":1,"12":1,"13":1,"14":1,"15":1,"16":1,"17":1,"18":1,"19":1,"20":1,"21":1,"22":1,"23":1,"24":1,"25":1,"26":1,"27":1,"28":1,"29":1,"30":1,"31":1,"32":1,"33":1,"34":1,"35":1,"36":1,"37":1,"38":1,"39":1,"40":1,"41":1,"42":1,"43":1,"44":1,"45":1,"46":1},"b":{},"_coverageSchema":"1a1c01bbd47fc00a2c39e90264f33305004495a9","hash":"fa093afd3d1551e7f9f8c786ceb60b62592a9b27","contentHash":"98fd941dd2a4b4d014dcc6a20edf85b0957516ca9e1a03ad02df1c406334dba0"},"C:\\Users\\micha\\gitlab-dcu\\2020-ca400-collim38-ejikei2\\src\\backend\\main\\models\\user.js":{"path":"C:\\Users\\micha\\gitlab-dcu\\2020-ca400-collim38-ejikei2\\src\\backend\\main\\models\\user.js","statementMap":{"0":{"start":{"line":1,"column":17},"end":{"line":1,"column":36}},"1":{"start":{"line":2,"column":17},"end":{"line":2,"column":36}},"2":{"start":{"line":3,"column":15},"end":{"line":3,"column":32}},"3":{"start":{"line":6,"column":19},"end":{"line":24,"column":2}},"4":{"start":{"line":27,"column":13},"end":{"line":27,"column":64}},"5":{"start":{"line":34,"column":0},"end":{"line":36,"column":1}},"6":{"start":{"line":35,"column":4},"end":{"line":35,"column":32}},"7":{"start":{"line":43,"column":0},"end":{"line":46,"column":1}},"8":{"start":{"line":44,"column":18},"end":{"line":44,"column":32}},"9":{"start":{"line":45,"column":4},"end":{"line":45,"column":34}},"10":{"start":{"line":53,"column":0},"end":{"line":64,"column":1}},"11":{"start":{"line":54,"column":4},"end":{"line":63,"column":7}},"12":{"start":{"line":55,"column":8},"end":{"line":62,"column":11}},"13":{"start":{"line":56,"column":12},"end":{"line":61,"column":13}},"14":{"start":{"line":57,"column":16},"end":{"line":57,"column":40}},"15":{"start":{"line":58,"column":16},"end":{"line":58,"column":39}},"16":{"start":{"line":60,"column":16},"end":{"line":60,"column":26}},"17":{"start":{"line":72,"column":0},"end":{"line":80,"column":1}},"18":{"start":{"line":73,"column":4},"end":{"line":79,"column":7}},"19":{"start":{"line":74,"column":8},"end":{"line":78,"column":9}},"20":{"start":{"line":75,"column":12},"end":{"line":75,"column":36}},"21":{"start":{"line":77,"column":12},"end":{"line":77,"column":22}}},"fnMap":{"0":{"name":"(anonymous_0)","decl":{"start":{"line":34,"column":29},"end":{"line":34,"column":30}},"loc":{"start":{"line":34,"column":51},"end":{"line":36,"column":1}},"line":34},"1":{"name":"(anonymous_1)","decl":{"start":{"line":43,"column":32},"end":{"line":43,"column":33}},"loc":{"start":{"line":43,"column":57},"end":{"line":46,"column":1}},"line":43},"2":{"name":"(anonymous_2)","decl":{"start":{"line":53,"column":25},"end":{"line":53,"column":26}},"loc":{"start":{"line":53,"column":52},"end":{"line":64,"column":1}},"line":53},"3":{"name":"(anonymous_3)","decl":{"start":{"line":54,"column":25},"end":{"line":54,"column":26}},"loc":{"start":{"line":54,"column":40},"end":{"line":63,"column":5}},"line":54},"4":{"name":"(anonymous_4)","decl":{"start":{"line":55,"column":46},"end":{"line":55,"column":47}},"loc":{"start":{"line":55,"column":61},"end":{"line":62,"column":9}},"line":55},"5":{"name":"(anonymous_5)","decl":{"start":{"line":72,"column":33},"end":{"line":72,"column":34}},"loc":{"start":{"line":72,"column":66},"end":{"line":80,"column":1}},"line":72},"6":{"name":"(anonymous_6)","decl":{"start":{"line":73,"column":36},"end":{"line":73,"column":37}},"loc":{"start":{"line":73,"column":54},"end":{"line":79,"column":5}},"line":73}},"branchMap":{},"s":{"0":1,"1":1,"2":1,"3":1,"4":1,"5":1,"6":42,"7":1,"8":9,"9":9,"10":1,"11":13,"12":13,"13":13,"14":13,"15":13,"16":0,"17":1,"18":8,"19":8,"20":8,"21":0},"f":{"0":42,"1":9,"2":13,"3":13,"4":13,"5":8,"6":8},"b":{},"_coverageSchema":"1a1c01bbd47fc00a2c39e90264f33305004495a9","hash":"8702fc45db32c0486ae7caae70f1904e099c0d39","contentHash":"d44540a7cdc3daf6a4c04e5600253e42ba0d8f1d983d2c03f42abb464a73cf9b"},"C:\\Users\\micha\\gitlab-dcu\\2020-ca400-collim38-ejikei2\\src\\backend\\main\\models\\file.js":{"path":"C:\\Users\\micha\\gitlab-dcu\\2020-ca400-collim38-ejikei2\\src\\backend\\main\\models\\file.js","statementMap":{"0":{"start":{"line":1,"column":17},"end":{"line":1,"column":36}},"1":{"start":{"line":2,"column":11},"end":{"line":2,"column":24}},"2":{"start":{"line":3,"column":13},"end":{"line":3,"column":28}},"3":{"start":{"line":4,"column":15},"end":{"line":4,"column":32}},"4":{"start":{"line":6,"column":25},"end":{"line":6,"column":62}},"5":{"start":{"line":7,"column":18},"end":{"line":7,"column":47}},"6":{"start":{"line":10,"column":19},"end":{"line":32,"column":2}},"7":{"start":{"line":35,"column":13},"end":{"line":35,"column":64}},"8":{"start":{"line":42,"column":0},"end":{"line":44,"column":1}},"9":{"start":{"line":43,"column":4},"end":{"line":43,"column":32}},"10":{"start":{"line":52,"column":0},"end":{"line":58,"column":1}},"11":{"start":{"line":53,"column":18},"end":{"line":56,"column":5}},"12":{"start":{"line":57,"column":4},"end":{"line":57,"column":34}},"13":{"start":{"line":65,"column":0},"end":{"line":70,"column":1}},"14":{"start":{"line":66,"column":18},"end":{"line":68,"column":5}},"15":{"start":{"line":69,"column":4},"end":{"line":69,"column":31}},"16":{"start":{"line":77,"column":0},"end":{"line":79,"column":1}},"17":{"start":{"line":78,"column":4},"end":{"line":78,"column":27}},"18":{"start":{"line":87,"column":0},"end":{"line":90,"column":1}},"19":{"start":{"line":88,"column":8},"end":{"line":88,"column":28}},"20":{"start":{"line":89,"column":8},"end":{"line":89,"column":28}},"21":{"start":{"line":97,"column":0},"end":{"line":107,"column":1}},"22":{"start":{"line":98,"column":18},"end":{"line":100,"column":5}},"23":{"start":{"line":101,"column":4},"end":{"line":106,"column":7}},"24":{"start":{"line":102,"column":8},"end":{"line":102,"column":27}},"25":{"start":{"line":102,"column":17},"end":{"line":102,"column":27}},"26":{"start":{"line":103,"column":8},"end":{"line":105,"column":11}},"27":{"start":{"line":104,"column":12},"end":{"line":104,"column":26}},"28":{"start":{"line":116,"column":0},"end":{"line":139,"column":1}},"29":{"start":{"line":118,"column":23},"end":{"line":118,"column":45}},"30":{"start":{"line":120,"column":22},"end":{"line":120,"column":83}},"31":{"start":{"line":121,"column":23},"end":{"line":121,"column":54}},"32":{"start":{"line":122,"column":23},"end":{"line":122,"column":40}},"33":{"start":{"line":123,"column":19},"end":{"line":123,"column":73}},"34":{"start":{"line":124,"column":29},"end":{"line":124,"column":61}},"35":{"start":{"line":126,"column":24},"end":{"line":126,"column":54}},"36":{"start":{"line":129,"column":4},"end":{"line":133,"column":27}},"37":{"start":{"line":136,"column":4},"end":{"line":138,"column":7}},"38":{"start":{"line":137,"column":8},"end":{"line":137,"column":27}},"39":{"start":{"line":137,"column":17},"end":{"line":137,"column":27}},"40":{"start":{"line":148,"column":0},"end":{"line":173,"column":1}},"41":{"start":{"line":150,"column":19},"end":{"line":150,"column":63}},"42":{"start":{"line":153,"column":4},"end":{"line":155,"column":7}},"43":{"start":{"line":154,"column":8},"end":{"line":154,"column":27}},"44":{"start":{"line":158,"column":4},"end":{"line":172,"column":7}},"45":{"start":{"line":160,"column":26},"end":{"line":160,"column":79}},"46":{"start":{"line":161,"column":27},"end":{"line":161,"column":73}},"47":{"start":{"line":162,"column":25},"end":{"line":162,"column":81}},"48":{"start":{"line":163,"column":22},"end":{"line":163,"column":40}},"49":{"start":{"line":165,"column":28},"end":{"line":165,"column":58}},"50":{"start":{"line":168,"column":8},"end":{"line":171,"column":31}}},"fnMap":{"0":{"name":"(anonymous_0)","decl":{"start":{"line":42,"column":29},"end":{"line":42,"column":30}},"loc":{"start":{"line":42,"column":51},"end":{"line":44,"column":1}},"line":42},"1":{"name":"(anonymous_1)","decl":{"start":{"line":52,"column":31},"end":{"line":52,"column":32}},"loc":{"start":{"line":52,"column":61},"end":{"line":58,"column":1}},"line":52},"2":{"name":"(anonymous_2)","decl":{"start":{"line":65,"column":32},"end":{"line":65,"column":33}},"loc":{"start":{"line":65,"column":56},"end":{"line":70,"column":1}},"line":65},"3":{"name":"(anonymous_3)","decl":{"start":{"line":77,"column":25},"end":{"line":77,"column":26}},"loc":{"start":{"line":77,"column":52},"end":{"line":79,"column":1}},"line":77},"4":{"name":"(anonymous_4)","decl":{"start":{"line":87,"column":28},"end":{"line":87,"column":29}},"loc":{"start":{"line":87,"column":61},"end":{"line":90,"column":1}},"line":87},"5":{"name":"(anonymous_5)","decl":{"start":{"line":97,"column":36},"end":{"line":97,"column":37}},"loc":{"start":{"line":97,"column":50},"end":{"line":107,"column":1}},"line":97},"6":{"name":"(anonymous_6)","decl":{"start":{"line":101,"column":21},"end":{"line":101,"column":22}},"loc":{"start":{"line":101,"column":37},"end":{"line":106,"column":5}},"line":101},"7":{"name":"(anonymous_7)","decl":{"start":{"line":103,"column":22},"end":{"line":103,"column":23}},"loc":{"start":{"line":103,"column":30},"end":{"line":105,"column":9}},"line":103},"8":{"name":"(anonymous_8)","decl":{"start":{"line":116,"column":36},"end":{"line":116,"column":37}},"loc":{"start":{"line":116,"column":87},"end":{"line":139,"column":1}},"line":116},"9":{"name":"(anonymous_9)","decl":{"start":{"line":136,"column":26},"end":{"line":136,"column":27}},"loc":{"start":{"line":136,"column":35},"end":{"line":138,"column":5}},"line":136},"10":{"name":"(anonymous_10)","decl":{"start":{"line":148,"column":36},"end":{"line":148,"column":37}},"loc":{"start":{"line":148,"column":87},"end":{"line":173,"column":1}},"line":148},"11":{"name":"(anonymous_11)","decl":{"start":{"line":153,"column":22},"end":{"line":153,"column":23}},"loc":{"start":{"line":153,"column":33},"end":{"line":155,"column":5}},"line":153},"12":{"name":"(anonymous_12)","decl":{"start":{"line":158,"column":23},"end":{"line":158,"column":24}},"loc":{"start":{"line":158,"column":28},"end":{"line":172,"column":5}},"line":158}},"branchMap":{"0":{"loc":{"start":{"line":102,"column":8},"end":{"line":102,"column":27}},"type":"if","locations":[{"start":{"line":102,"column":8},"end":{"line":102,"column":27}},{"start":{"line":102,"column":8},"end":{"line":102,"column":27}}],"line":102},"1":{"loc":{"start":{"line":137,"column":8},"end":{"line":137,"column":27}},"type":"if","locations":[{"start":{"line":137,"column":8},"end":{"line":137,"column":27}},{"start":{"line":137,"column":8},"end":{"line":137,"column":27}}],"line":137}},"s":{"0":1,"1":1,"2":1,"3":1,"4":1,"5":1,"6":1,"7":1,"8":1,"9":0,"10":1,"11":2,"12":2,"13":1,"14":7,"15":7,"16":1,"17":7,"18":1,"19":1,"20":1,"21":1,"22":1,"23":1,"24":1,"25":0,"26":1,"27":0,"28":1,"29":7,"30":7,"31":7,"32":7,"33":7,"34":7,"35":7,"36":7,"37":7,"38":7,"39":0,"40":1,"41":0,"42":0,"43":0,"44":0,"45":0,"46":0,"47":0,"48":0,"49":0,"50":0},"f":{"0":0,"1":2,"2":7,"3":7,"4":1,"5":1,"6":1,"7":0,"8":7,"9":7,"10":0,"11":0,"12":0},"b":{"0":[0,1],"1":[0,7]},"_coverageSchema":"1a1c01bbd47fc00a2c39e90264f33305004495a9","hash":"86ae6c7c85787d3410ec2a71228b14b01c69dc06","contentHash":"8b6866b9f20f78423bdcd0f406bde26b9ece40126adf969ada61ce5e6616f029"},"C:\\Users\\micha\\gitlab-dcu\\2020-ca400-collim38-ejikei2\\src\\backend\\main\\config\\appendInitVector.js":{"path":"C:\\Users\\micha\\gitlab-dcu\\2020-ca400-collim38-ejikei2\\src\\backend\\main\\config\\appendInitVector.js","statementMap":{"0":{"start":{"line":2,"column":22},"end":{"line":2,"column":39}},"1":{"start":{"line":10,"column":4},"end":{"line":10,"column":16}},"2":{"start":{"line":11,"column":4},"end":{"line":11,"column":29}},"3":{"start":{"line":12,"column":4},"end":{"line":12,"column":26}},"4":{"start":{"line":16,"column":4},"end":{"line":19,"column":5}},"5":{"start":{"line":17,"column":6},"end":{"line":17,"column":31}},"6":{"start":{"line":18,"column":6},"end":{"line":18,"column":27}},"7":{"start":{"line":20,"column":4},"end":{"line":20,"column":21}},"8":{"start":{"line":21,"column":4},"end":{"line":21,"column":15}},"9":{"start":{"line":25,"column":0},"end":{"line":25,"column":32}}},"fnMap":{"0":{"name":"(anonymous_0)","decl":{"start":{"line":9,"column":2},"end":{"line":9,"column":3}},"loc":{"start":{"line":9,"column":30},"end":{"line":13,"column":3}},"line":9},"1":{"name":"(anonymous_1)","decl":{"start":{"line":15,"column":2},"end":{"line":15,"column":3}},"loc":{"start":{"line":15,"column":40},"end":{"line":22,"column":3}},"line":15}},"branchMap":{"0":{"loc":{"start":{"line":16,"column":4},"end":{"line":19,"column":5}},"type":"if","locations":[{"start":{"line":16,"column":4},"end":{"line":19,"column":5}},{"start":{"line":16,"column":4},"end":{"line":19,"column":5}}],"line":16}},"s":{"0":1,"1":7,"2":7,"3":7,"4":14,"5":7,"6":7,"7":14,"8":14,"9":1},"f":{"0":7,"1":14},"b":{"0":[7,7]},"_coverageSchema":"1a1c01bbd47fc00a2c39e90264f33305004495a9","hash":"61248615dbe641f3b470cafc2a5459de44461b2c","contentHash":"454fd173efc255acc6cd862e1ac55825c61886949c47de22d5cfdf7ce4549912"},"C:\\Users\\micha\\gitlab-dcu\\2020-ca400-collim38-ejikei2\\src\\constants.js":{"path":"C:\\Users\\micha\\gitlab-dcu\\2020-ca400-collim38-ejikei2\\src\\constants.js","statementMap":{"0":{"start":{"line":1,"column":0},"end":{"line":9,"column":3}}},"fnMap":{},"branchMap":{},"s":{"0":1},"f":{},"b":{},"_coverageSchema":"1a1c01bbd47fc00a2c39e90264f33305004495a9","hash":"94df1be9ce216f96114340f35d7413ceb55f498e","contentHash":"d64a5ba0c752858d480340fc95b9348378885272661876555ed822c701c47298"},"C:\\Users\\micha\\gitlab-dcu\\2020-ca400-collim38-ejikei2\\src\\backend\\main\\models\\folder.js":{"path":"C:\\Users\\micha\\gitlab-dcu\\2020-ca400-collim38-ejikei2\\src\\backend\\main\\models\\folder.js","statementMap":{"0":{"start":{"line":1,"column":17},"end":{"line":1,"column":36}},"1":{"start":{"line":4,"column":21},"end":{"line":18,"column":2}},"2":{"start":{"line":21,"column":15},"end":{"line":21,"column":70}},"3":{"start":{"line":28,"column":0},"end":{"line":33,"column":1}},"4":{"start":{"line":29,"column":18},"end":{"line":31,"column":5}},"5":{"start":{"line":32,"column":4},"end":{"line":32,"column":33}},"6":{"start":{"line":41,"column":0},"end":{"line":47,"column":1}},"7":{"start":{"line":42,"column":18},"end":{"line":45,"column":5}},"8":{"start":{"line":46,"column":4},"end":{"line":46,"column":36}},"9":{"start":{"line":55,"column":0},"end":{"line":61,"column":1}},"10":{"start":{"line":56,"column":18},"end":{"line":59,"column":5}},"11":{"start":{"line":60,"column":4},"end":{"line":60,"column":36}},"12":{"start":{"line":68,"column":0},"end":{"line":70,"column":1}},"13":{"start":{"line":69,"column":4},"end":{"line":69,"column":29}},"14":{"start":{"line":78,"column":0},"end":{"line":81,"column":1}},"15":{"start":{"line":79,"column":4},"end":{"line":79,"column":26}},"16":{"start":{"line":80,"column":4},"end":{"line":80,"column":26}},"17":{"start":{"line":88,"column":0},"end":{"line":98,"column":1}},"18":{"start":{"line":89,"column":18},"end":{"line":91,"column":5}},"19":{"start":{"line":92,"column":4},"end":{"line":97,"column":7}},"20":{"start":{"line":93,"column":8},"end":{"line":93,"column":27}},"21":{"start":{"line":93,"column":17},"end":{"line":93,"column":27}},"22":{"start":{"line":94,"column":8},"end":{"line":96,"column":11}},"23":{"start":{"line":95,"column":12},"end":{"line":95,"column":28}}},"fnMap":{"0":{"name":"(anonymous_0)","decl":{"start":{"line":28,"column":34},"end":{"line":28,"column":35}},"loc":{"start":{"line":28,"column":58},"end":{"line":33,"column":1}},"line":28},"1":{"name":"(anonymous_1)","decl":{"start":{"line":41,"column":33},"end":{"line":41,"column":34}},"loc":{"start":{"line":41,"column":69},"end":{"line":47,"column":1}},"line":41},"2":{"name":"(anonymous_2)","decl":{"start":{"line":55,"column":33},"end":{"line":55,"column":34}},"loc":{"start":{"line":55,"column":63},"end":{"line":61,"column":1}},"line":55},"3":{"name":"(anonymous_3)","decl":{"start":{"line":68,"column":27},"end":{"line":68,"column":28}},"loc":{"start":{"line":68,"column":56},"end":{"line":70,"column":1}},"line":68},"4":{"name":"(anonymous_4)","decl":{"start":{"line":78,"column":28},"end":{"line":78,"column":29}},"loc":{"start":{"line":78,"column":63},"end":{"line":81,"column":1}},"line":78},"5":{"name":"(anonymous_5)","decl":{"start":{"line":88,"column":38},"end":{"line":88,"column":39}},"loc":{"start":{"line":88,"column":52},"end":{"line":98,"column":1}},"line":88},"6":{"name":"(anonymous_6)","decl":{"start":{"line":92,"column":23},"end":{"line":92,"column":24}},"loc":{"start":{"line":92,"column":41},"end":{"line":97,"column":5}},"line":92},"7":{"name":"(anonymous_7)","decl":{"start":{"line":94,"column":24},"end":{"line":94,"column":25}},"loc":{"start":{"line":94,"column":34},"end":{"line":96,"column":9}},"line":94}},"branchMap":{"0":{"loc":{"start":{"line":93,"column":8},"end":{"line":93,"column":27}},"type":"if","locations":[{"start":{"line":93,"column":8},"end":{"line":93,"column":27}},{"start":{"line":93,"column":8},"end":{"line":93,"column":27}}],"line":93}},"s":{"0":1,"1":1,"2":1,"3":1,"4":7,"5":7,"6":1,"7":0,"8":0,"9":1,"10":2,"11":2,"12":1,"13":8,"14":1,"15":1,"16":1,"17":1,"18":1,"19":1,"20":1,"21":0,"22":1,"23":0},"f":{"0":7,"1":0,"2":2,"3":8,"4":1,"5":1,"6":1,"7":0},"b":{"0":[0,1]},"_coverageSchema":"1a1c01bbd47fc00a2c39e90264f33305004495a9","hash":"d1a0b1eb2fa9a8aad4f37467d1c15d1860203c38","contentHash":"af3d17bb0464b901a583f472d4889699ca3284cdb99641d9b05161c13e82f9c1"},"C:\\Users\\micha\\gitlab-dcu\\2020-ca400-collim38-ejikei2\\src\\index.js":{"path":"C:\\Users\\micha\\gitlab-dcu\\2020-ca400-collim38-ejikei2\\src\\index.js","statementMap":{"0":{"start":{"line":1,"column":16},"end":{"line":1,"column":34}},"1":{"start":{"line":2,"column":13},"end":{"line":2,"column":28}},"2":{"start":{"line":3,"column":19},"end":{"line":3,"column":41}},"3":{"start":{"line":4,"column":13},"end":{"line":4,"column":28}},"4":{"start":{"line":5,"column":17},"end":{"line":5,"column":36}},"5":{"start":{"line":6,"column":17},"end":{"line":6,"column":36}},"6":{"start":{"line":8,"column":18},"end":{"line":8,"column":40}},"7":{"start":{"line":10,"column":12},"end":{"line":10,"column":21}},"8":{"start":{"line":13,"column":0},"end":{"line":13,"column":37}},"9":{"start":{"line":14,"column":0},"end":{"line":17,"column":34}},"10":{"start":{"line":16,"column":14},"end":{"line":16,"column":75}},"11":{"start":{"line":17,"column":16},"end":{"line":17,"column":32}},"12":{"start":{"line":20,"column":0},"end":{"line":20,"column":16}},"13":{"start":{"line":21,"column":0},"end":{"line":21,"column":27}},"14":{"start":{"line":22,"column":0},"end":{"line":22,"column":31}},"15":{"start":{"line":23,"column":0},"end":{"line":23,"column":28}},"16":{"start":{"line":25,"column":0},"end":{"line":25,"column":52}},"17":{"start":{"line":26,"column":0},"end":{"line":26,"column":38}},"18":{"start":{"line":29,"column":0},"end":{"line":29,"column":56}},"19":{"start":{"line":32,"column":0},"end":{"line":34,"column":3}},"20":{"start":{"line":33,"column":2},"end":{"line":33,"column":31}},"21":{"start":{"line":37,"column":15},"end":{"line":39,"column":2}},"22":{"start":{"line":38,"column":2},"end":{"line":38,"column":62}},"23":{"start":{"line":41,"column":0},"end":{"line":41,"column":24}}},"fnMap":{"0":{"name":"(anonymous_0)","decl":{"start":{"line":16,"column":8},"end":{"line":16,"column":9}},"loc":{"start":{"line":16,"column":14},"end":{"line":16,"column":75}},"line":16},"1":{"name":"(anonymous_1)","decl":{"start":{"line":17,"column":9},"end":{"line":17,"column":10}},"loc":{"start":{"line":17,"column":16},"end":{"line":17,"column":32}},"line":17},"2":{"name":"(anonymous_2)","decl":{"start":{"line":32,"column":13},"end":{"line":32,"column":14}},"loc":{"start":{"line":32,"column":27},"end":{"line":34,"column":1}},"line":32},"3":{"name":"(anonymous_3)","decl":{"start":{"line":37,"column":42},"end":{"line":37,"column":43}},"loc":{"start":{"line":37,"column":48},"end":{"line":39,"column":1}},"line":37}},"branchMap":{},"s":{"0":1,"1":1,"2":1,"3":1,"4":1,"5":1,"6":1,"7":1,"8":1,"9":1,"10":1,"11":0,"12":1,"13":1,"14":1,"15":1,"16":1,"17":1,"18":1,"19":1,"20":0,"21":1,"22":1,"23":1},"f":{"0":1,"1":0,"2":0,"3":1},"b":{},"_coverageSchema":"1a1c01bbd47fc00a2c39e90264f33305004495a9","hash":"5bafc597b493b37ba2159e74ca0e01455ee49f52","contentHash":"6c1f6bfb0536db42192990246d4ecb3b67c2e018163a0a051935b2a21f2bad13"},"C:\\Users\\micha\\gitlab-dcu\\2020-ca400-collim38-ejikei2\\src\\backend\\main\\config\\passport.js":{"path":"C:\\Users\\micha\\gitlab-dcu\\2020-ca400-collim38-ejikei2\\src\\backend\\main\\config\\passport.js","statementMap":{"0":{"start":{"line":1,"column":20},"end":{"line":1,"column":52}},"1":{"start":{"line":2,"column":19},"end":{"line":2,"column":53}},"2":{"start":{"line":4,"column":13},"end":{"line":4,"column":38}},"3":{"start":{"line":5,"column":18},"end":{"line":5,"column":47}},"4":{"start":{"line":6,"column":0},"end":{"line":25,"column":1}},"5":{"start":{"line":7,"column":13},"end":{"line":7,"column":15}},"6":{"start":{"line":8,"column":2},"end":{"line":8,"column":65}},"7":{"start":{"line":9,"column":2},"end":{"line":9,"column":46}},"8":{"start":{"line":11,"column":2},"end":{"line":23,"column":6}},"9":{"start":{"line":12,"column":4},"end":{"line":22,"column":7}},"10":{"start":{"line":13,"column":6},"end":{"line":15,"column":7}},"11":{"start":{"line":14,"column":8},"end":{"line":14,"column":32}},"12":{"start":{"line":16,"column":6},"end":{"line":21,"column":7}},"13":{"start":{"line":17,"column":8},"end":{"line":17,"column":32}},"14":{"start":{"line":19,"column":8},"end":{"line":19,"column":33}}},"fnMap":{"0":{"name":"(anonymous_0)","decl":{"start":{"line":6,"column":17},"end":{"line":6,"column":18}},"loc":{"start":{"line":6,"column":35},"end":{"line":25,"column":1}},"line":6},"1":{"name":"(anonymous_1)","decl":{"start":{"line":11,"column":37},"end":{"line":11,"column":38}},"loc":{"start":{"line":11,"column":60},"end":{"line":23,"column":3}},"line":11},"2":{"name":"(anonymous_2)","decl":{"start":{"line":12,"column":43},"end":{"line":12,"column":44}},"loc":{"start":{"line":12,"column":58},"end":{"line":22,"column":5}},"line":12}},"branchMap":{"0":{"loc":{"start":{"line":13,"column":6},"end":{"line":15,"column":7}},"type":"if","locations":[{"start":{"line":13,"column":6},"end":{"line":15,"column":7}},{"start":{"line":13,"column":6},"end":{"line":15,"column":7}}],"line":13},"1":{"loc":{"start":{"line":16,"column":6},"end":{"line":21,"column":7}},"type":"if","locations":[{"start":{"line":16,"column":6},"end":{"line":21,"column":7}},{"start":{"line":16,"column":6},"end":{"line":21,"column":7}}],"line":16}},"s":{"0":1,"1":1,"2":1,"3":1,"4":1,"5":1,"6":1,"7":1,"8":1,"9":42,"10":42,"11":0,"12":42,"13":42,"14":0},"f":{"0":1,"1":42,"2":42},"b":{"0":[0,42],"1":[42,0]},"_coverageSchema":"1a1c01bbd47fc00a2c39e90264f33305004495a9","hash":"d15816b2001513899d912e5b915479ff017fcbf7","contentHash":"1c4ad8c110c99f58ec04bf072bdf1b1ab1b920d63ac3fa7a791eae2d1e61b7ef"},"C:\\Users\\micha\\gitlab-dcu\\2020-ca400-collim38-ejikei2\\src\\backend\\main\\routes\\index.js":{"path":"C:\\Users\\micha\\gitlab-dcu\\2020-ca400-collim38-ejikei2\\src\\backend\\main\\routes\\index.js","statementMap":{"0":{"start":{"line":2,"column":0},"end":{"line":4,"column":2}},"1":{"start":{"line":3,"column":2},"end":{"line":3,"column":36}}},"fnMap":{"0":{"name":"(anonymous_0)","decl":{"start":{"line":2,"column":17},"end":{"line":2,"column":18}},"loc":{"start":{"line":2,"column":31},"end":{"line":4,"column":1}},"line":2}},"branchMap":{},"s":{"0":1,"1":1},"f":{"0":1},"b":{},"_coverageSchema":"1a1c01bbd47fc00a2c39e90264f33305004495a9","hash":"955acfd55d030638a4d492fa224d50f712ec5ca2","contentHash":"3fddab9caac065f9a317c199b5dc0baddb818803ce7eddf37758f8fa85e58bab"},"C:\\Users\\micha\\gitlab-dcu\\2020-ca400-collim38-ejikei2\\src\\backend\\main\\routes\\api\\index.js":{"path":"C:\\Users\\micha\\gitlab-dcu\\2020-ca400-collim38-ejikei2\\src\\backend\\main\\routes\\api\\index.js","statementMap":{"0":{"start":{"line":1,"column":18},"end":{"line":1,"column":45}},"1":{"start":{"line":4,"column":0},"end":{"line":4,"column":42}},"2":{"start":{"line":5,"column":0},"end":{"line":5,"column":42}},"3":{"start":{"line":6,"column":0},"end":{"line":6,"column":46}},"4":{"start":{"line":8,"column":0},"end":{"line":8,"column":27}}},"fnMap":{},"branchMap":{},"s":{"0":1,"1":1,"2":1,"3":1,"4":1},"f":{},"b":{},"_coverageSchema":"1a1c01bbd47fc00a2c39e90264f33305004495a9","hash":"932f3686e50c85c1c9b1261c3b67996d8bfb5443","contentHash":"d96c22f57d85dc0957ba26d00f1ee22922fd09930462680d5545cdcae82219a9"},"C:\\Users\\micha\\gitlab-dcu\\2020-ca400-collim38-ejikei2\\src\\backend\\main\\routes\\api\\user\\index.js":{"path":"C:\\Users\\micha\\gitlab-dcu\\2020-ca400-collim38-ejikei2\\src\\backend\\main\\routes\\api\\user\\index.js","statementMap":{"0":{"start":{"line":1,"column":19},"end":{"line":1,"column":46}},"1":{"start":{"line":4,"column":0},"end":{"line":5,"column":34}},"2":{"start":{"line":8,"column":0},"end":{"line":9,"column":38}},"3":{"start":{"line":12,"column":0},"end":{"line":14,"column":35}},"4":{"start":{"line":16,"column":0},"end":{"line":16,"column":28}}},"fnMap":{},"branchMap":{},"s":{"0":1,"1":1,"2":1,"3":1,"4":1},"f":{},"b":{},"_coverageSchema":"1a1c01bbd47fc00a2c39e90264f33305004495a9","hash":"58c49ac8aff6700a42e039231f0533f7b04be181","contentHash":"32260d0502bb5559b413195fda63325247ffce32f60544244c3ec6be35781107"},"C:\\Users\\micha\\gitlab-dcu\\2020-ca400-collim38-ejikei2\\src\\backend\\main\\routes\\api\\user\\register.js":{"path":"C:\\Users\\micha\\gitlab-dcu\\2020-ca400-collim38-ejikei2\\src\\backend\\main\\routes\\api\\user\\register.js","statementMap":{"0":{"start":{"line":1,"column":16},"end":{"line":1,"column":34}},"1":{"start":{"line":2,"column":11},"end":{"line":2,"column":24}},"2":{"start":{"line":4,"column":13},"end":{"line":4,"column":44}},"3":{"start":{"line":5,"column":15},"end":{"line":5,"column":48}},"4":{"start":{"line":7,"column":15},"end":{"line":7,"column":31}},"5":{"start":{"line":28,"column":0},"end":{"line":62,"column":3}},"6":{"start":{"line":30,"column":18},"end":{"line":35,"column":6}},"7":{"start":{"line":38,"column":4},"end":{"line":61,"column":7}},"8":{"start":{"line":39,"column":8},"end":{"line":60,"column":9}},"9":{"start":{"line":40,"column":12},"end":{"line":48,"column":13}},"10":{"start":{"line":41,"column":16},"end":{"line":43,"column":74}},"11":{"start":{"line":45,"column":16},"end":{"line":47,"column":76}},"12":{"start":{"line":52,"column":12},"end":{"line":54,"column":13}},"13":{"start":{"line":53,"column":16},"end":{"line":53,"column":58}},"14":{"start":{"line":57,"column":12},"end":{"line":59,"column":63}},"15":{"start":{"line":64,"column":0},"end":{"line":64,"column":24}}},"fnMap":{"0":{"name":"(anonymous_0)","decl":{"start":{"line":28,"column":25},"end":{"line":28,"column":26}},"loc":{"start":{"line":28,"column":45},"end":{"line":62,"column":1}},"line":28},"1":{"name":"(anonymous_1)","decl":{"start":{"line":38,"column":26},"end":{"line":38,"column":27}},"loc":{"start":{"line":38,"column":41},"end":{"line":61,"column":5}},"line":38}},"branchMap":{"0":{"loc":{"start":{"line":39,"column":8},"end":{"line":60,"column":9}},"type":"if","locations":[{"start":{"line":39,"column":8},"end":{"line":60,"column":9}},{"start":{"line":39,"column":8},"end":{"line":60,"column":9}}],"line":39},"1":{"loc":{"start":{"line":40,"column":12},"end":{"line":48,"column":13}},"type":"if","locations":[{"start":{"line":40,"column":12},"end":{"line":48,"column":13}},{"start":{"line":40,"column":12},"end":{"line":48,"column":13}}],"line":40},"2":{"loc":{"start":{"line":52,"column":12},"end":{"line":54,"column":13}},"type":"if","locations":[{"start":{"line":52,"column":12},"end":{"line":54,"column":13}},{"start":{"line":52,"column":12},"end":{"line":54,"column":13}}],"line":52}},"s":{"0":1,"1":1,"2":1,"3":1,"4":1,"5":1,"6":13,"7":13,"8":13,"9":2,"10":1,"11":1,"12":11,"13":4,"14":11,"15":1},"f":{"0":13,"1":13},"b":{"0":[2,11],"1":[1,1],"2":[4,7]},"_coverageSchema":"1a1c01bbd47fc00a2c39e90264f33305004495a9","hash":"8381c82c1fcab786affa07978dfddd5281ab85a2","contentHash":"0af149b5e7534b28db2d01581c61165fc890ea298a1b73dfcb03824559ff0957"},"C:\\Users\\micha\\gitlab-dcu\\2020-ca400-collim38-ejikei2\\src\\backend\\main\\routes\\api\\user\\authenticate.js":{"path":"C:\\Users\\micha\\gitlab-dcu\\2020-ca400-collim38-ejikei2\\src\\backend\\main\\routes\\api\\user\\authenticate.js","statementMap":{"0":{"start":{"line":1,"column":16},"end":{"line":1,"column":34}},"1":{"start":{"line":2,"column":12},"end":{"line":2,"column":35}},"2":{"start":{"line":4,"column":18},"end":{"line":4,"column":53}},"3":{"start":{"line":5,"column":13},"end":{"line":5,"column":44}},"4":{"start":{"line":7,"column":15},"end":{"line":7,"column":31}},"5":{"start":{"line":30,"column":0},"end":{"line":71,"column":3}},"6":{"start":{"line":31,"column":18},"end":{"line":31,"column":32}},"7":{"start":{"line":32,"column":21},"end":{"line":32,"column":38}},"8":{"start":{"line":35,"column":4},"end":{"line":70,"column":7}},"9":{"start":{"line":36,"column":8},"end":{"line":36,"column":26}},"10":{"start":{"line":36,"column":16},"end":{"line":36,"column":26}},"11":{"start":{"line":37,"column":8},"end":{"line":41,"column":9}},"12":{"start":{"line":38,"column":12},"end":{"line":40,"column":63}},"13":{"start":{"line":44,"column":8},"end":{"line":69,"column":11}},"14":{"start":{"line":45,"column":12},"end":{"line":45,"column":30}},"15":{"start":{"line":45,"column":20},"end":{"line":45,"column":30}},"16":{"start":{"line":46,"column":12},"end":{"line":68,"column":13}},"17":{"start":{"line":47,"column":30},"end":{"line":49,"column":18}},"18":{"start":{"line":51,"column":16},"end":{"line":63,"column":19}},"19":{"start":{"line":65,"column":16},"end":{"line":67,"column":67}},"20":{"start":{"line":73,"column":0},"end":{"line":73,"column":24}}},"fnMap":{"0":{"name":"(anonymous_0)","decl":{"start":{"line":30,"column":29},"end":{"line":30,"column":30}},"loc":{"start":{"line":30,"column":49},"end":{"line":71,"column":1}},"line":30},"1":{"name":"(anonymous_1)","decl":{"start":{"line":35,"column":31},"end":{"line":35,"column":32}},"loc":{"start":{"line":35,"column":46},"end":{"line":70,"column":5}},"line":35},"2":{"name":"(anonymous_2)","decl":{"start":{"line":44,"column":54},"end":{"line":44,"column":55}},"loc":{"start":{"line":44,"column":72},"end":{"line":69,"column":9}},"line":44}},"branchMap":{"0":{"loc":{"start":{"line":36,"column":8},"end":{"line":36,"column":26}},"type":"if","locations":[{"start":{"line":36,"column":8},"end":{"line":36,"column":26}},{"start":{"line":36,"column":8},"end":{"line":36,"column":26}}],"line":36},"1":{"loc":{"start":{"line":37,"column":8},"end":{"line":41,"column":9}},"type":"if","locations":[{"start":{"line":37,"column":8},"end":{"line":41,"column":9}},{"start":{"line":37,"column":8},"end":{"line":41,"column":9}}],"line":37},"2":{"loc":{"start":{"line":45,"column":12},"end":{"line":45,"column":30}},"type":"if","locations":[{"start":{"line":45,"column":12},"end":{"line":45,"column":30}},{"start":{"line":45,"column":12},"end":{"line":45,"column":30}}],"line":45},"3":{"loc":{"start":{"line":46,"column":12},"end":{"line":68,"column":13}},"type":"if","locations":[{"start":{"line":46,"column":12},"end":{"line":68,"column":13}},{"start":{"line":46,"column":12},"end":{"line":68,"column":13}}],"line":46}},"s":{"0":1,"1":1,"2":1,"3":1,"4":1,"5":1,"6":9,"7":9,"8":9,"9":9,"10":0,"11":9,"12":1,"13":8,"14":8,"15":0,"16":8,"17":7,"18":7,"19":1,"20":1},"f":{"0":9,"1":9,"2":8},"b":{"0":[0,9],"1":[1,8],"2":[0,8],"3":[7,1]},"_coverageSchema":"1a1c01bbd47fc00a2c39e90264f33305004495a9","hash":"16f061b35a78712f61043217fb5e84feaa67d847","contentHash":"93b1b6c13f6ce2d1eca3cd4dd8c5f900ae45ff5af262a820783eba6330529447"},"C:\\Users\\micha\\gitlab-dcu\\2020-ca400-collim38-ejikei2\\src\\backend\\main\\routes\\api\\user\\account.js":{"path":"C:\\Users\\micha\\gitlab-dcu\\2020-ca400-collim38-ejikei2\\src\\backend\\main\\routes\\api\\user\\account.js","statementMap":{"0":{"start":{"line":1,"column":16},"end":{"line":1,"column":34}},"1":{"start":{"line":2,"column":17},"end":{"line":2,"column":36}},"2":{"start":{"line":3,"column":15},"end":{"line":3,"column":32}},"3":{"start":{"line":4,"column":11},"end":{"line":4,"column":24}},"4":{"start":{"line":6,"column":13},"end":{"line":6,"column":44}},"5":{"start":{"line":7,"column":13},"end":{"line":7,"column":44}},"6":{"start":{"line":8,"column":15},"end":{"line":8,"column":48}},"7":{"start":{"line":10,"column":15},"end":{"line":10,"column":31}},"8":{"start":{"line":21,"column":0},"end":{"line":32,"column":3}},"9":{"start":{"line":23,"column":17},"end":{"line":28,"column":5}},"10":{"start":{"line":29,"column":4},"end":{"line":31,"column":28}},"11":{"start":{"line":44,"column":0},"end":{"line":67,"column":3}},"12":{"start":{"line":46,"column":4},"end":{"line":66,"column":7}},"13":{"start":{"line":47,"column":8},"end":{"line":49,"column":9}},"14":{"start":{"line":48,"column":12},"end":{"line":48,"column":22}},"15":{"start":{"line":51,"column":8},"end":{"line":65,"column":11}},"16":{"start":{"line":54,"column":12},"end":{"line":56,"column":15}},"17":{"start":{"line":55,"column":16},"end":{"line":55,"column":35}},"18":{"start":{"line":55,"column":25},"end":{"line":55,"column":35}},"19":{"start":{"line":58,"column":12},"end":{"line":60,"column":15}},"20":{"start":{"line":59,"column":16},"end":{"line":59,"column":35}},"21":{"start":{"line":59,"column":25},"end":{"line":59,"column":35}},"22":{"start":{"line":62,"column":12},"end":{"line":64,"column":73}},"23":{"start":{"line":69,"column":0},"end":{"line":69,"column":24}}},"fnMap":{"0":{"name":"(anonymous_0)","decl":{"start":{"line":21,"column":66},"end":{"line":21,"column":67}},"loc":{"start":{"line":21,"column":86},"end":{"line":32,"column":1}},"line":21},"1":{"name":"(anonymous_1)","decl":{"start":{"line":44,"column":69},"end":{"line":44,"column":70}},"loc":{"start":{"line":44,"column":89},"end":{"line":67,"column":1}},"line":44},"2":{"name":"(anonymous_2)","decl":{"start":{"line":46,"column":46},"end":{"line":46,"column":47}},"loc":{"start":{"line":46,"column":55},"end":{"line":66,"column":5}},"line":46},"3":{"name":"(anonymous_3)","decl":{"start":{"line":51,"column":45},"end":{"line":51,"column":46}},"loc":{"start":{"line":51,"column":51},"end":{"line":65,"column":9}},"line":51},"4":{"name":"(anonymous_4)","decl":{"start":{"line":54,"column":52},"end":{"line":54,"column":53}},"loc":{"start":{"line":54,"column":61},"end":{"line":56,"column":13}},"line":54},"5":{"name":"(anonymous_5)","decl":{"start":{"line":58,"column":56},"end":{"line":58,"column":57}},"loc":{"start":{"line":58,"column":65},"end":{"line":60,"column":13}},"line":58}},"branchMap":{"0":{"loc":{"start":{"line":47,"column":8},"end":{"line":49,"column":9}},"type":"if","locations":[{"start":{"line":47,"column":8},"end":{"line":49,"column":9}},{"start":{"line":47,"column":8},"end":{"line":49,"column":9}}],"line":47},"1":{"loc":{"start":{"line":55,"column":16},"end":{"line":55,"column":35}},"type":"if","locations":[{"start":{"line":55,"column":16},"end":{"line":55,"column":35}},{"start":{"line":55,"column":16},"end":{"line":55,"column":35}}],"line":55},"2":{"loc":{"start":{"line":59,"column":16},"end":{"line":59,"column":35}},"type":"if","locations":[{"start":{"line":59,"column":16},"end":{"line":59,"column":35}},{"start":{"line":59,"column":16},"end":{"line":59,"column":35}}],"line":59}},"s":{"0":1,"1":1,"2":1,"3":1,"4":1,"5":1,"6":1,"7":1,"8":1,"9":1,"10":1,"11":1,"12":1,"13":1,"14":0,"15":1,"16":1,"17":0,"18":0,"19":1,"20":0,"21":0,"22":1,"23":1},"f":{"0":1,"1":1,"2":1,"3":1,"4":0,"5":0},"b":{"0":[0,1],"1":[0,0],"2":[0,0]},"_coverageSchema":"1a1c01bbd47fc00a2c39e90264f33305004495a9","hash":"c93db13548d962d1fbe58bd5026b7832f6cb6215","contentHash":"eacd60bf65b216e581519ef2a398565019041f81a034e07154b4defc4238786d"},"C:\\Users\\micha\\gitlab-dcu\\2020-ca400-collim38-ejikei2\\src\\backend\\main\\routes\\api\\file\\index.js":{"path":"C:\\Users\\micha\\gitlab-dcu\\2020-ca400-collim38-ejikei2\\src\\backend\\main\\routes\\api\\file\\index.js","statementMap":{"0":{"start":{"line":1,"column":19},"end":{"line":1,"column":46}},"1":{"start":{"line":4,"column":0},"end":{"line":5,"column":34}},"2":{"start":{"line":8,"column":0},"end":{"line":9,"column":32}},"3":{"start":{"line":12,"column":0},"end":{"line":13,"column":29}},"4":{"start":{"line":15,"column":0},"end":{"line":15,"column":28}}},"fnMap":{},"branchMap":{},"s":{"0":1,"1":1,"2":1,"3":1,"4":1},"f":{},"b":{},"_coverageSchema":"1a1c01bbd47fc00a2c39e90264f33305004495a9","hash":"24d0b467e79645322650901fa22f67072d3f14da","contentHash":"cff4ccdf61e46b53e537782571596a331a5e7916bfed941c54df898c45f82135"},"C:\\Users\\micha\\gitlab-dcu\\2020-ca400-collim38-ejikei2\\src\\backend\\main\\routes\\api\\file\\userFiles.js":{"path":"C:\\Users\\micha\\gitlab-dcu\\2020-ca400-collim38-ejikei2\\src\\backend\\main\\routes\\api\\file\\userFiles.js","statementMap":{"0":{"start":{"line":1,"column":16},"end":{"line":1,"column":34}},"1":{"start":{"line":2,"column":17},"end":{"line":2,"column":36}},"2":{"start":{"line":4,"column":13},"end":{"line":4,"column":44}},"3":{"start":{"line":6,"column":15},"end":{"line":6,"column":31}},"4":{"start":{"line":18,"column":0},"end":{"line":39,"column":3}},"5":{"start":{"line":20,"column":4},"end":{"line":38,"column":7}},"6":{"start":{"line":21,"column":8},"end":{"line":21,"column":27}},"7":{"start":{"line":21,"column":17},"end":{"line":21,"column":27}},"8":{"start":{"line":24,"column":24},"end":{"line":24,"column":26}},"9":{"start":{"line":25,"column":8},"end":{"line":32,"column":11}},"10":{"start":{"line":26,"column":25},"end":{"line":26,"column":34}},"11":{"start":{"line":27,"column":12},"end":{"line":31,"column":15}},"12":{"start":{"line":35,"column":8},"end":{"line":37,"column":53}},"13":{"start":{"line":41,"column":0},"end":{"line":41,"column":24}}},"fnMap":{"0":{"name":"(anonymous_0)","decl":{"start":{"line":18,"column":63},"end":{"line":18,"column":64}},"loc":{"start":{"line":18,"column":83},"end":{"line":39,"column":1}},"line":18},"1":{"name":"(anonymous_1)","decl":{"start":{"line":20,"column":40},"end":{"line":20,"column":41}},"loc":{"start":{"line":20,"column":56},"end":{"line":38,"column":5}},"line":20},"2":{"name":"(anonymous_2)","decl":{"start":{"line":25,"column":22},"end":{"line":25,"column":23}},"loc":{"start":{"line":25,"column":30},"end":{"line":32,"column":9}},"line":25}},"branchMap":{"0":{"loc":{"start":{"line":21,"column":8},"end":{"line":21,"column":27}},"type":"if","locations":[{"start":{"line":21,"column":8},"end":{"line":21,"column":27}},{"start":{"line":21,"column":8},"end":{"line":21,"column":27}}],"line":21}},"s":{"0":1,"1":1,"2":1,"3":1,"4":1,"5":7,"6":7,"7":0,"8":7,"9":7,"10":6,"11":6,"12":7,"13":1},"f":{"0":7,"1":7,"2":6},"b":{"0":[0,7]},"_coverageSchema":"1a1c01bbd47fc00a2c39e90264f33305004495a9","hash":"bb7fa57a19cf150dc5381592917e7d42e2331b54","contentHash":"738c1954afd8ba1d4682373ebfdee8ae30cfd1dbd3271c529627639bd8b4730b"},"C:\\Users\\micha\\gitlab-dcu\\2020-ca400-collim38-ejikei2\\src\\backend\\main\\routes\\api\\file\\upload.js":{"path":"C:\\Users\\micha\\gitlab-dcu\\2020-ca400-collim38-ejikei2\\src\\backend\\main\\routes\\api\\file\\upload.js","statementMap":{"0":{"start":{"line":1,"column":16},"end":{"line":1,"column":34}},"1":{"start":{"line":2,"column":17},"end":{"line":2,"column":36}},"2":{"start":{"line":3,"column":15},"end":{"line":3,"column":32}},"3":{"start":{"line":4,"column":11},"end":{"line":4,"column":24}},"4":{"start":{"line":6,"column":13},"end":{"line":6,"column":44}},"5":{"start":{"line":7,"column":18},"end":{"line":7,"column":53}},"6":{"start":{"line":9,"column":15},"end":{"line":9,"column":31}},"7":{"start":{"line":12,"column":16},"end":{"line":20,"column":2}},"8":{"start":{"line":14,"column":4},"end":{"line":14,"column":44}},"9":{"start":{"line":17,"column":25},"end":{"line":17,"column":75}},"10":{"start":{"line":18,"column":4},"end":{"line":18,"column":55}},"11":{"start":{"line":21,"column":15},"end":{"line":21,"column":43}},"12":{"start":{"line":40,"column":0},"end":{"line":84,"column":3}},"13":{"start":{"line":43,"column":4},"end":{"line":55,"column":5}},"14":{"start":{"line":44,"column":6},"end":{"line":50,"column":9}},"15":{"start":{"line":52,"column":8},"end":{"line":54,"column":57}},"16":{"start":{"line":57,"column":4},"end":{"line":82,"column":5}},"17":{"start":{"line":59,"column":2},"end":{"line":59,"column":62}},"18":{"start":{"line":60,"column":8},"end":{"line":62,"column":68}},"19":{"start":{"line":66,"column":8},"end":{"line":70,"column":11}},"20":{"start":{"line":67,"column":12},"end":{"line":69,"column":13}},"21":{"start":{"line":68,"column":16},"end":{"line":68,"column":33}},"22":{"start":{"line":72,"column":8},"end":{"line":81,"column":11}},"23":{"start":{"line":73,"column":12},"end":{"line":77,"column":13}},"24":{"start":{"line":74,"column":16},"end":{"line":76,"column":74}},"25":{"start":{"line":78,"column":12},"end":{"line":80,"column":74}},"26":{"start":{"line":86,"column":0},"end":{"line":86,"column":24}}},"fnMap":{"0":{"name":"(anonymous_0)","decl":{"start":{"line":13,"column":15},"end":{"line":13,"column":16}},"loc":{"start":{"line":13,"column":40},"end":{"line":15,"column":3}},"line":13},"1":{"name":"(anonymous_1)","decl":{"start":{"line":16,"column":12},"end":{"line":16,"column":13}},"loc":{"start":{"line":16,"column":37},"end":{"line":19,"column":3}},"line":16},"2":{"name":"(anonymous_2)","decl":{"start":{"line":40,"column":93},"end":{"line":40,"column":94}},"loc":{"start":{"line":40,"column":113},"end":{"line":84,"column":1}},"line":40},"3":{"name":"(anonymous_3)","decl":{"start":{"line":66,"column":86},"end":{"line":66,"column":87}},"loc":{"start":{"line":66,"column":95},"end":{"line":70,"column":9}},"line":66},"4":{"name":"(anonymous_4)","decl":{"start":{"line":72,"column":30},"end":{"line":72,"column":31}},"loc":{"start":{"line":72,"column":45},"end":{"line":81,"column":9}},"line":72}},"branchMap":{"0":{"loc":{"start":{"line":57,"column":4},"end":{"line":82,"column":5}},"type":"if","locations":[{"start":{"line":57,"column":4},"end":{"line":82,"column":5}},{"start":{"line":57,"column":4},"end":{"line":82,"column":5}}],"line":57},"1":{"loc":{"start":{"line":67,"column":12},"end":{"line":69,"column":13}},"type":"if","locations":[{"start":{"line":67,"column":12},"end":{"line":69,"column":13}},{"start":{"line":67,"column":12},"end":{"line":69,"column":13}}],"line":67},"2":{"loc":{"start":{"line":73,"column":12},"end":{"line":77,"column":13}},"type":"if","locations":[{"start":{"line":73,"column":12},"end":{"line":77,"column":13}},{"start":{"line":73,"column":12},"end":{"line":77,"column":13}}],"line":73}},"s":{"0":1,"1":1,"2":1,"3":1,"4":1,"5":1,"6":1,"7":1,"8":8,"9":8,"10":8,"11":1,"12":1,"13":9,"14":9,"15":1,"16":8,"17":1,"18":1,"19":7,"20":0,"21":0,"22":7,"23":7,"24":1,"25":6,"26":1},"f":{"0":8,"1":8,"2":9,"3":0,"4":7},"b":{"0":[1,7],"1":[0,0],"2":[1,6]},"_coverageSchema":"1a1c01bbd47fc00a2c39e90264f33305004495a9","hash":"ce8f74c3bd80f436d3c9f9e2abcea788b45c3454","contentHash":"592b8c881c8b7e5ade5340bbbc40016ddd49f5fb825083ea7e71523bde25aa24"},"C:\\Users\\micha\\gitlab-dcu\\2020-ca400-collim38-ejikei2\\src\\backend\\main\\routes\\api\\file\\move.js":{"path":"C:\\Users\\micha\\gitlab-dcu\\2020-ca400-collim38-ejikei2\\src\\backend\\main\\routes\\api\\file\\move.js","statementMap":{"0":{"start":{"line":1,"column":16},"end":{"line":1,"column":34}},"1":{"start":{"line":2,"column":17},"end":{"line":2,"column":36}},"2":{"start":{"line":4,"column":13},"end":{"line":4,"column":44}},"3":{"start":{"line":6,"column":15},"end":{"line":6,"column":31}},"4":{"start":{"line":26,"column":0},"end":{"line":54,"column":3}},"5":{"start":{"line":28,"column":4},"end":{"line":53,"column":5}},"6":{"start":{"line":29,"column":8},"end":{"line":31,"column":70}},"7":{"start":{"line":34,"column":8},"end":{"line":52,"column":11}},"8":{"start":{"line":35,"column":12},"end":{"line":35,"column":31}},"9":{"start":{"line":35,"column":21},"end":{"line":35,"column":31}},"10":{"start":{"line":37,"column":12},"end":{"line":51,"column":13}},"11":{"start":{"line":38,"column":16},"end":{"line":40,"column":67}},"12":{"start":{"line":43,"column":16},"end":{"line":50,"column":19}},"13":{"start":{"line":44,"column":20},"end":{"line":44,"column":39}},"14":{"start":{"line":44,"column":29},"end":{"line":44,"column":39}},"15":{"start":{"line":47,"column":20},"end":{"line":49,"column":34}},"16":{"start":{"line":56,"column":0},"end":{"line":56,"column":24}}},"fnMap":{"0":{"name":"(anonymous_0)","decl":{"start":{"line":26,"column":66},"end":{"line":26,"column":67}},"loc":{"start":{"line":26,"column":86},"end":{"line":54,"column":1}},"line":26},"1":{"name":"(anonymous_1)","decl":{"start":{"line":34,"column":60},"end":{"line":34,"column":61}},"loc":{"start":{"line":34,"column":75},"end":{"line":52,"column":9}},"line":34},"2":{"name":"(anonymous_2)","decl":{"start":{"line":43,"column":56},"end":{"line":43,"column":57}},"loc":{"start":{"line":43,"column":71},"end":{"line":50,"column":17}},"line":43}},"branchMap":{"0":{"loc":{"start":{"line":28,"column":4},"end":{"line":53,"column":5}},"type":"if","locations":[{"start":{"line":28,"column":4},"end":{"line":53,"column":5}},{"start":{"line":28,"column":4},"end":{"line":53,"column":5}}],"line":28},"1":{"loc":{"start":{"line":28,"column":8},"end":{"line":28,"column":60}},"type":"binary-expr","locations":[{"start":{"line":28,"column":8},"end":{"line":28,"column":32}},{"start":{"line":28,"column":36},"end":{"line":28,"column":60}}],"line":28},"2":{"loc":{"start":{"line":35,"column":12},"end":{"line":35,"column":31}},"type":"if","locations":[{"start":{"line":35,"column":12},"end":{"line":35,"column":31}},{"start":{"line":35,"column":12},"end":{"line":35,"column":31}}],"line":35},"3":{"loc":{"start":{"line":37,"column":12},"end":{"line":51,"column":13}},"type":"if","locations":[{"start":{"line":37,"column":12},"end":{"line":51,"column":13}},{"start":{"line":37,"column":12},"end":{"line":51,"column":13}}],"line":37},"4":{"loc":{"start":{"line":44,"column":20},"end":{"line":44,"column":39}},"type":"if","locations":[{"start":{"line":44,"column":20},"end":{"line":44,"column":39}},{"start":{"line":44,"column":20},"end":{"line":44,"column":39}}],"line":44}},"s":{"0":1,"1":1,"2":1,"3":1,"4":1,"5":4,"6":2,"7":2,"8":2,"9":0,"10":2,"11":1,"12":1,"13":1,"14":0,"15":1,"16":1},"f":{"0":4,"1":2,"2":1},"b":{"0":[2,2],"1":[4,3],"2":[0,2],"3":[1,1],"4":[0,1]},"_coverageSchema":"1a1c01bbd47fc00a2c39e90264f33305004495a9","hash":"81a0bc0d0e850fa8029e0e939a5e2b5df90945d3","contentHash":"3862d48b3636e1032ea44f88fb77535a386244c95e69aa7da0254f1a4c31be4c"},"C:\\Users\\micha\\gitlab-dcu\\2020-ca400-collim38-ejikei2\\src\\backend\\main\\routes\\api\\folder\\index.js":{"path":"C:\\Users\\micha\\gitlab-dcu\\2020-ca400-collim38-ejikei2\\src\\backend\\main\\routes\\api\\folder\\index.js","statementMap":{"0":{"start":{"line":1,"column":21},"end":{"line":1,"column":48}},"1":{"start":{"line":4,"column":0},"end":{"line":5,"column":36}},"2":{"start":{"line":8,"column":0},"end":{"line":9,"column":29}},"3":{"start":{"line":12,"column":0},"end":{"line":13,"column":32}},"4":{"start":{"line":15,"column":0},"end":{"line":15,"column":30}}},"fnMap":{},"branchMap":{},"s":{"0":1,"1":1,"2":1,"3":1,"4":1},"f":{},"b":{},"_coverageSchema":"1a1c01bbd47fc00a2c39e90264f33305004495a9","hash":"051f1fdf69d75ce308add9771ca016615743ac93","contentHash":"ee0e2215218480bb8eef2dec00e8a603dd706e13a73210a7a25571b45960182f"},"C:\\Users\\micha\\gitlab-dcu\\2020-ca400-collim38-ejikei2\\src\\backend\\main\\routes\\api\\folder\\userFolders.js":{"path":"C:\\Users\\micha\\gitlab-dcu\\2020-ca400-collim38-ejikei2\\src\\backend\\main\\routes\\api\\folder\\userFolders.js","statementMap":{"0":{"start":{"line":1,"column":16},"end":{"line":1,"column":34}},"1":{"start":{"line":2,"column":17},"end":{"line":2,"column":36}},"2":{"start":{"line":4,"column":15},"end":{"line":4,"column":48}},"3":{"start":{"line":6,"column":15},"end":{"line":6,"column":31}},"4":{"start":{"line":18,"column":0},"end":{"line":39,"column":3}},"5":{"start":{"line":20,"column":4},"end":{"line":38,"column":7}},"6":{"start":{"line":21,"column":8},"end":{"line":21,"column":27}},"7":{"start":{"line":21,"column":17},"end":{"line":21,"column":27}},"8":{"start":{"line":24,"column":26},"end":{"line":24,"column":28}},"9":{"start":{"line":25,"column":8},"end":{"line":32,"column":11}},"10":{"start":{"line":26,"column":25},"end":{"line":26,"column":36}},"11":{"start":{"line":27,"column":12},"end":{"line":31,"column":15}},"12":{"start":{"line":35,"column":8},"end":{"line":37,"column":57}},"13":{"start":{"line":41,"column":0},"end":{"line":41,"column":24}}},"fnMap":{"0":{"name":"(anonymous_0)","decl":{"start":{"line":18,"column":63},"end":{"line":18,"column":64}},"loc":{"start":{"line":18,"column":83},"end":{"line":39,"column":1}},"line":18},"1":{"name":"(anonymous_1)","decl":{"start":{"line":20,"column":44},"end":{"line":20,"column":45}},"loc":{"start":{"line":20,"column":62},"end":{"line":38,"column":5}},"line":20},"2":{"name":"(anonymous_2)","decl":{"start":{"line":25,"column":24},"end":{"line":25,"column":25}},"loc":{"start":{"line":25,"column":34},"end":{"line":32,"column":9}},"line":25}},"branchMap":{"0":{"loc":{"start":{"line":21,"column":8},"end":{"line":21,"column":27}},"type":"if","locations":[{"start":{"line":21,"column":8},"end":{"line":21,"column":27}},{"start":{"line":21,"column":8},"end":{"line":21,"column":27}}],"line":21}},"s":{"0":1,"1":1,"2":1,"3":1,"4":1,"5":7,"6":7,"7":0,"8":7,"9":7,"10":6,"11":6,"12":7,"13":1},"f":{"0":7,"1":7,"2":6},"b":{"0":[0,7]},"_coverageSchema":"1a1c01bbd47fc00a2c39e90264f33305004495a9","hash":"07156c7c269fb600f835e1fed1886476bf312681","contentHash":"c507c8a2e6c67bb66c3d595c6c017f2fcca18ae7ade7746291e2ee6a9a32b5bd"},"C:\\Users\\micha\\gitlab-dcu\\2020-ca400-collim38-ejikei2\\src\\backend\\main\\routes\\api\\folder\\move.js":{"path":"C:\\Users\\micha\\gitlab-dcu\\2020-ca400-collim38-ejikei2\\src\\backend\\main\\routes\\api\\folder\\move.js","statementMap":{"0":{"start":{"line":1,"column":16},"end":{"line":1,"column":34}},"1":{"start":{"line":2,"column":17},"end":{"line":2,"column":36}},"2":{"start":{"line":4,"column":15},"end":{"line":4,"column":48}},"3":{"start":{"line":6,"column":15},"end":{"line":6,"column":31}},"4":{"start":{"line":26,"column":0},"end":{"line":54,"column":3}},"5":{"start":{"line":28,"column":4},"end":{"line":53,"column":5}},"6":{"start":{"line":29,"column":8},"end":{"line":31,"column":70}},"7":{"start":{"line":34,"column":8},"end":{"line":52,"column":11}},"8":{"start":{"line":35,"column":12},"end":{"line":35,"column":31}},"9":{"start":{"line":35,"column":21},"end":{"line":35,"column":31}},"10":{"start":{"line":37,"column":12},"end":{"line":51,"column":13}},"11":{"start":{"line":38,"column":16},"end":{"line":40,"column":69}},"12":{"start":{"line":43,"column":16},"end":{"line":50,"column":19}},"13":{"start":{"line":44,"column":20},"end":{"line":44,"column":39}},"14":{"start":{"line":44,"column":29},"end":{"line":44,"column":39}},"15":{"start":{"line":47,"column":20},"end":{"line":49,"column":34}},"16":{"start":{"line":56,"column":0},"end":{"line":56,"column":24}}},"fnMap":{"0":{"name":"(anonymous_0)","decl":{"start":{"line":26,"column":66},"end":{"line":26,"column":67}},"loc":{"start":{"line":26,"column":86},"end":{"line":54,"column":1}},"line":26},"1":{"name":"(anonymous_1)","decl":{"start":{"line":34,"column":64},"end":{"line":34,"column":65}},"loc":{"start":{"line":34,"column":81},"end":{"line":52,"column":9}},"line":34},"2":{"name":"(anonymous_2)","decl":{"start":{"line":43,"column":60},"end":{"line":43,"column":61}},"loc":{"start":{"line":43,"column":77},"end":{"line":50,"column":17}},"line":43}},"branchMap":{"0":{"loc":{"start":{"line":28,"column":4},"end":{"line":53,"column":5}},"type":"if","locations":[{"start":{"line":28,"column":4},"end":{"line":53,"column":5}},{"start":{"line":28,"column":4},"end":{"line":53,"column":5}}],"line":28},"1":{"loc":{"start":{"line":28,"column":8},"end":{"line":28,"column":60}},"type":"binary-expr","locations":[{"start":{"line":28,"column":8},"end":{"line":28,"column":32}},{"start":{"line":28,"column":36},"end":{"line":28,"column":60}}],"line":28},"2":{"loc":{"start":{"line":35,"column":12},"end":{"line":35,"column":31}},"type":"if","locations":[{"start":{"line":35,"column":12},"end":{"line":35,"column":31}},{"start":{"line":35,"column":12},"end":{"line":35,"column":31}}],"line":35},"3":{"loc":{"start":{"line":37,"column":12},"end":{"line":51,"column":13}},"type":"if","locations":[{"start":{"line":37,"column":12},"end":{"line":51,"column":13}},{"start":{"line":37,"column":12},"end":{"line":51,"column":13}}],"line":37},"4":{"loc":{"start":{"line":44,"column":20},"end":{"line":44,"column":39}},"type":"if","locations":[{"start":{"line":44,"column":20},"end":{"line":44,"column":39}},{"start":{"line":44,"column":20},"end":{"line":44,"column":39}}],"line":44}},"s":{"0":1,"1":1,"2":1,"3":1,"4":1,"5":4,"6":2,"7":2,"8":2,"9":0,"10":2,"11":1,"12":1,"13":1,"14":0,"15":1,"16":1},"f":{"0":4,"1":2,"2":1},"b":{"0":[2,2],"1":[4,3],"2":[0,2],"3":[1,1],"4":[0,1]},"_coverageSchema":"1a1c01bbd47fc00a2c39e90264f33305004495a9","hash":"fdb22b461afb5ab4ca42911d1926f603eb6d37be","contentHash":"c0f87cac24e2eceae29bb4de006cf916dbcbe746fa2c5d4a484aca89fbab752a"},"C:\\Users\\micha\\gitlab-dcu\\2020-ca400-collim38-ejikei2\\src\\backend\\main\\routes\\api\\folder\\create.js":{"path":"C:\\Users\\micha\\gitlab-dcu\\2020-ca400-collim38-ejikei2\\src\\backend\\main\\routes\\api\\folder\\create.js","statementMap":{"0":{"start":{"line":1,"column":16},"end":{"line":1,"column":34}},"1":{"start":{"line":2,"column":17},"end":{"line":2,"column":36}},"2":{"start":{"line":3,"column":11},"end":{"line":3,"column":24}},"3":{"start":{"line":5,"column":15},"end":{"line":5,"column":48}},"4":{"start":{"line":7,"column":15},"end":{"line":7,"column":31}},"5":{"start":{"line":28,"column":0},"end":{"line":59,"column":3}},"6":{"start":{"line":30,"column":4},"end":{"line":34,"column":5}},"7":{"start":{"line":31,"column":8},"end":{"line":33,"column":70}},"8":{"start":{"line":35,"column":20},"end":{"line":39,"column":6}},"9":{"start":{"line":42,"column":4},"end":{"line":58,"column":7}},"10":{"start":{"line":43,"column":8},"end":{"line":57,"column":9}},"11":{"start":{"line":44,"column":12},"end":{"line":46,"column":72}},"12":{"start":{"line":49,"column":41},"end":{"line":52,"column":13}},"13":{"start":{"line":54,"column":12},"end":{"line":56,"column":69}},"14":{"start":{"line":61,"column":0},"end":{"line":61,"column":24}}},"fnMap":{"0":{"name":"(anonymous_0)","decl":{"start":{"line":28,"column":70},"end":{"line":28,"column":71}},"loc":{"start":{"line":28,"column":90},"end":{"line":59,"column":1}},"line":28},"1":{"name":"(anonymous_1)","decl":{"start":{"line":42,"column":32},"end":{"line":42,"column":33}},"loc":{"start":{"line":42,"column":49},"end":{"line":58,"column":5}},"line":42}},"branchMap":{"0":{"loc":{"start":{"line":30,"column":4},"end":{"line":34,"column":5}},"type":"if","locations":[{"start":{"line":30,"column":4},"end":{"line":34,"column":5}},{"start":{"line":30,"column":4},"end":{"line":34,"column":5}}],"line":30},"1":{"loc":{"start":{"line":43,"column":8},"end":{"line":57,"column":9}},"type":"if","locations":[{"start":{"line":43,"column":8},"end":{"line":57,"column":9}},{"start":{"line":43,"column":8},"end":{"line":57,"column":9}}],"line":43}},"s":{"0":1,"1":1,"2":1,"3":1,"4":1,"5":1,"6":9,"7":1,"8":8,"9":8,"10":8,"11":1,"12":7,"13":7,"14":1},"f":{"0":9,"1":8},"b":{"0":[1,8],"1":[1,7]},"_coverageSchema":"1a1c01bbd47fc00a2c39e90264f33305004495a9","hash":"6b73426a2803caefde794cc0150a4f861c050ef7","contentHash":"35d9d3a03a7614665525d1388619a3e4fec3e6f4daa2ff22fd446267f68edc53"},"C:\\Users\\micha\\gitlab-dcu\\2020-ca400-collim38-ejikei2\\src\\backend\\test\\routes\\api\\folder.js":{"path":"C:\\Users\\micha\\gitlab-dcu\\2020-ca400-collim38-ejikei2\\src\\backend\\test\\routes\\api\\folder.js","statementMap":{"0":{"start":{"line":1,"column":13},"end":{"line":1,"column":28}},"1":{"start":{"line":2,"column":17},"end":{"line":2,"column":37}},"2":{"start":{"line":3,"column":15},"end":{"line":3,"column":28}},"3":{"start":{"line":4,"column":15},"end":{"line":4,"column":32}},"4":{"start":{"line":6,"column":13},"end":{"line":6,"column":49}},"5":{"start":{"line":7,"column":15},"end":{"line":7,"column":53}},"6":{"start":{"line":8,"column":15},"end":{"line":8,"column":43}},"7":{"start":{"line":12,"column":0},"end":{"line":12,"column":19}},"8":{"start":{"line":14,"column":0},"end":{"line":379,"column":3}},"9":{"start":{"line":16,"column":4},"end":{"line":46,"column":7}},"10":{"start":{"line":17,"column":8},"end":{"line":45,"column":11}},"11":{"start":{"line":18,"column":12},"end":{"line":44,"column":15}},"12":{"start":{"line":20,"column":29},"end":{"line":25,"column":17}},"13":{"start":{"line":26,"column":16},"end":{"line":43,"column":23}},"14":{"start":{"line":31,"column":41},"end":{"line":34,"column":25}},"15":{"start":{"line":36,"column":24},"end":{"line":42,"column":31}},"16":{"start":{"line":40,"column":32},"end":{"line":40,"column":55}},"17":{"start":{"line":41,"column":32},"end":{"line":41,"column":39}},"18":{"start":{"line":48,"column":4},"end":{"line":52,"column":7}},"19":{"start":{"line":49,"column":8},"end":{"line":51,"column":11}},"20":{"start":{"line":50,"column":12},"end":{"line":50,"column":19}},"21":{"start":{"line":53,"column":4},"end":{"line":57,"column":7}},"22":{"start":{"line":54,"column":8},"end":{"line":56,"column":11}},"23":{"start":{"line":55,"column":12},"end":{"line":55,"column":19}},"24":{"start":{"line":59,"column":4},"end":{"line":67,"column":7}},"25":{"start":{"line":60,"column":8},"end":{"line":66,"column":11}},"26":{"start":{"line":61,"column":12},"end":{"line":65,"column":15}},"27":{"start":{"line":62,"column":16},"end":{"line":64,"column":19}},"28":{"start":{"line":63,"column":20},"end":{"line":63,"column":27}},"29":{"start":{"line":69,"column":4},"end":{"line":138,"column":7}},"30":{"start":{"line":70,"column":8},"end":{"line":87,"column":11}},"31":{"start":{"line":72,"column":25},"end":{"line":75,"column":13}},"32":{"start":{"line":76,"column":12},"end":{"line":86,"column":19}},"33":{"start":{"line":81,"column":20},"end":{"line":81,"column":48}},"34":{"start":{"line":82,"column":20},"end":{"line":82,"column":51}},"35":{"start":{"line":83,"column":20},"end":{"line":83,"column":71}},"36":{"start":{"line":85,"column":20},"end":{"line":85,"column":27}},"37":{"start":{"line":89,"column":8},"end":{"line":105,"column":11}},"38":{"start":{"line":91,"column":25},"end":{"line":93,"column":13}},"39":{"start":{"line":94,"column":12},"end":{"line":104,"column":19}},"40":{"start":{"line":99,"column":20},"end":{"line":99,"column":48}},"41":{"start":{"line":100,"column":20},"end":{"line":100,"column":51}},"42":{"start":{"line":101,"column":20},"end":{"line":101,"column":72}},"43":{"start":{"line":103,"column":20},"end":{"line":103,"column":27}},"44":{"start":{"line":107,"column":8},"end":{"line":137,"column":11}},"45":{"start":{"line":109,"column":25},"end":{"line":112,"column":13}},"46":{"start":{"line":114,"column":12},"end":{"line":135,"column":19}},"47":{"start":{"line":119,"column":20},"end":{"line":119,"column":48}},"48":{"start":{"line":120,"column":20},"end":{"line":120,"column":51}},"49":{"start":{"line":121,"column":20},"end":{"line":121,"column":71}},"50":{"start":{"line":124,"column":16},"end":{"line":134,"column":23}},"51":{"start":{"line":129,"column":24},"end":{"line":129,"column":52}},"52":{"start":{"line":130,"column":24},"end":{"line":130,"column":55}},"53":{"start":{"line":131,"column":24},"end":{"line":131,"column":76}},"54":{"start":{"line":133,"column":24},"end":{"line":133,"column":31}},"55":{"start":{"line":140,"column":4},"end":{"line":186,"column":7}},"56":{"start":{"line":141,"column":8},"end":{"line":170,"column":11}},"57":{"start":{"line":143,"column":25},"end":{"line":146,"column":13}},"58":{"start":{"line":148,"column":12},"end":{"line":169,"column":19}},"59":{"start":{"line":153,"column":20},"end":{"line":153,"column":48}},"60":{"start":{"line":154,"column":20},"end":{"line":154,"column":51}},"61":{"start":{"line":155,"column":20},"end":{"line":155,"column":71}},"62":{"start":{"line":158,"co
[...]
"45":1,"46":1,"47":1,"48":1,"49":1,"50":1,"51":1,"52":1,"53":1,"54":1,"55":1,"56":1,"57":1,"58":1,"59":1,"60":1,"61":1,"62":1,"63":1,"64":1,"65":1,"66":1,"67":1,"68":1,"69":1,"70":1,"71":1,"72":1,"73":1,"74":1,"75":1,"76":1,"77":1,"78":1,"79":1,"80":1,"81":1,"82":1,"83":1,"84":1,"85":1,"86":1,"87":1,"88":1,"89":1,"90":1,"91":1,"92":1,"93":1,"94":1,"95":1,"96":1,"97":1,"98":1,"99":1,"100":1,"101":1,"102":1,"103":1,"104":1,"105":1,"106":1,"107":1,"108":1,"109":1,"110":1,"111":1,"112":1,"113":1,"114":1,"115":1,"116":1,"117":1,"118":1,"119":1,"120":1,"121":1,"122":1,"123":1,"124":1,"125":1,"126":1,"127":1,"128":1,"129":1,"130":1,"131":1,"132":1,"133":1,"134":1,"135":1,"136":1,"137":1,"138":1,"139":1,"140":1,"141":1},"f":{"0":1,"1":1,"2":1,"3":1,"4":1,"5":1,"6":9,"7":9,"8":9,"9":9,"10":1,"11":1,"12":1,"13":1,"14":1,"15":1,"16":1,"17":1,"18":1,"19":1,"20":1,"21":1,"22":1,"23":1,"24":1,"25":1,"26":1,"27":1,"28":1,"29":1,"30":1,"31":1,"32":1,"33":1,"34":1,"35":1,"36":1,"37":1,"38":1,"39":1,"40":1,"41":1,"42":1,"43":1,"44":1,"45":1},"b":{},"_coverageSchema":"1a1c01bbd47fc00a2c39e90264f33305004495a9","hash":"10a4ab5ba62737666e6b255f5c256446063c731b","contentHash":"3c5d0b32c348aa075f1f0eb45ecf11c998b7960c62987a9afc6cc868dbf84b67"},"C:\\Users\\micha\\gitlab-dcu\\2020-ca400-collim38-ejikei2\\src\\backend\\test\\routes\\api\\user.js":{"path":"C:\\Users\\micha\\gitlab-dcu\\2020-ca400-collim38-ejikei2\\src\\backend\\test\\routes\\api\\user.js","statementMap":{"0":{"start":{"line":1,"column":13},"end":{"line":1,"column":28}},"1":{"start":{"line":2,"column":17},"end":{"line":2,"column":37}},"2":{"start":{"line":3,"column":15},"end":{"line":3,"column":28}},"3":{"start":{"line":4,"column":15},"end":{"line":4,"column":32}},"4":{"start":{"line":6,"column":13},"end":{"line":6,"column":49}},"5":{"start":{"line":7,"column":15},"end":{"line":7,"column":53}},"6":{"start":{"line":8,"column":15},"end":{"line":8,"column":43}},"7":{"start":{"line":10,"column":0},"end":{"line":10,"column":19}},"8":{"start":{"line":12,"column":0},"end":{"line":371,"column":3}},"9":{"start":{"line":14,"column":4},"end":{"line":20,"column":7}},"10":{"start":{"line":15,"column":8},"end":{"line":19,"column":11}},"11":{"start":{"line":16,"column":12},"end":{"line":18,"column":15}},"12":{"start":{"line":17,"column":16},"end":{"line":17,"column":23}},"13":{"start":{"line":21,"column":4},"end":{"line":27,"column":7}},"14":{"start":{"line":22,"column":8},"end":{"line":26,"column":11}},"15":{"start":{"line":23,"column":12},"end":{"line":25,"column":15}},"16":{"start":{"line":24,"column":16},"end":{"line":24,"column":23}},"17":{"start":{"line":28,"column":4},"end":{"line":36,"column":7}},"18":{"start":{"line":29,"column":8},"end":{"line":35,"column":11}},"19":{"start":{"line":30,"column":12},"end":{"line":34,"column":15}},"20":{"start":{"line":31,"column":16},"end":{"line":33,"column":19}},"21":{"start":{"line":32,"column":20},"end":{"line":32,"column":27}},"22":{"start":{"line":38,"column":4},"end":{"line":107,"column":7}},"23":{"start":{"line":39,"column":8},"end":{"line":57,"column":11}},"24":{"start":{"line":41,"column":25},"end":{"line":46,"column":13}},"25":{"start":{"line":48,"column":12},"end":{"line":56,"column":19}},"26":{"start":{"line":52,"column":20},"end":{"line":52,"column":48}},"27":{"start":{"line":53,"column":20},"end":{"line":53,"column":51}},"28":{"start":{"line":54,"column":20},"end":{"line":54,"column":71}},"29":{"start":{"line":55,"column":20},"end":{"line":55,"column":27}},"30":{"start":{"line":59,"column":8},"end":{"line":87,"column":11}},"31":{"start":{"line":61,"column":25},"end":{"line":66,"column":13}},"32":{"start":{"line":68,"column":12},"end":{"line":86,"column":19}},"33":{"start":{"line":72,"column":20},"end":{"line":72,"column":48}},"34":{"start":{"line":73,"column":20},"end":{"line":73,"column":51}},"35":{"start":{"line":74,"column":20},"end":{"line":74,"column":71}},"36":{"start":{"line":77,"column":20},"end":{"line":85,"column":23}},"37":{"start":{"line":81,"column":24},"end":{"line":81,"column":52}},"38":{"start":{"line":82,"column":24},"end":{"line":82,"column":55}},"39":{"start":{"line":83,"column":24},"end":{"line":83,"column":76}},"40":{"start":{"line":84,"column":24},"end":{"line":84,"column":31}},"41":{"start":{"line":89,"column":8},"end":{"line":106,"column":11}},"42":{"start":{"line":91,"column":25},"end":{"line":95,"column":13}},"43":{"start":{"line":97,"column":12},"end":{"line":105,"column":19}},"44":{"start":{"line":101,"column":20},"end":{"line":101,"column":48}},"45":{"start":{"line":102,"column":20},"end":{"line":102,"column":51}},"46":{"start":{"line":103,"column":20},"end":{"line":103,"column":72}},"47":{"start":{"line":104,"column":20},"end":{"line":104,"column":27}},"48":{"start":{"line":109,"column":4},"end":{"line":205,"column":7}},"49":{"start":{"line":110,"column":8},"end":{"line":140,"column":11}},"50":{"start":{"line":112,"column":25},"end":{"line":117,"column":13}},"51":{"start":{"line":119,"column":12},"end":{"line":139,"column":19}},"52":{"start":{"line":124,"column":34},"end":{"line":127,"column":21}},"53":{"start":{"line":129,"column":20},"end":{"line":138,"column":27}},"54":{"start":{"line":133,"column":28},"end":{"line":133,"column":56}},"55":{"start":{"line":134,"column":28},"end":{"line":134,"column":59}},"56":{"start":{"line":135,"column":28},"end":{"line":135,"column":79}},"57":{"start":{"line":136,"column":28},"end":{"line":136,"column":67}},"58":{"start":{"line":137,"column":28},"end":{"line":137,"column":35}},"59":{"start":{"line":142,"column":8},"end":{"line":172,"column":11}},"60":{"start":{"line":144,"column":24},"end":{"line":149,"column":13}},"61":{"start":{"line":151,"column":12},"end":{"line":171,"column":19}},"62":{"start":{"line":156,"column":34},"end":{"line":159,"column":21}},"63":{"start":{"line":161,"column":20},"end":{"line":170,"column":27}},"64":{"start":{"line":165,"column":28},"end":{"line":165,"column":56}},"65":{"start":{"line":166,"column":28},"end":{"line":166,"column":59}},"66":{"start":{"line":167,"column":28},"end":{"line":167,"column":80}},"67":{"start":{"line":168,"column":28},"end":{"line":168,"column":71}},"68":{"start":{"line":169,"column":28},"end":{"line":169,"column":35}},"69":{"start":{"line":174,"column":8},"end":{"line":204,"column":12}},"70":{"start":{"line":176,"column":25},"end":{"line":181,"column":14}},"71":{"start":{"line":183,"column":13},"end":{"line":203,"column":20}},"72":{"start":{"line":188,"column":35},"end":{"line":191,"column":22}},"73":{"start":{"line":193,"column":21},"end":{"line":202,"column":28}},"74":{"start":{"line":197,"column":29},"end":{"line":197,"column":57}},"75":{"start":{"line":198,"column":29},"end":{"line":198,"column":60}},"76":{"start":{"line":199,"column":29},"end":{"line":199,"column":81}},"77":{"start":{"line":200,"column":29},"end":{"line":200,"column":72}},"78":{"start":{"line":201,"column":29},"end":{"line":201,"column":36}},"79":{"start":{"line":207,"column":4},"end":{"line":370,"column":7}},"80":{"start":{"line":208,"column":8},"end":{"line":247,"column":11}},"81":{"start":{"line":210,"column":25},"end":{"line":215,"column":13}},"82":{"start":{"line":217,"column":12},"end":{"line":246,"column":19}},"83":{"start":{"line":222,"column":34},"end":{"line":225,"column":21}},"84":{"start":{"line":227,"column":20},"end":{"line":245,"column":27}},"85":{"start":{"line":232,"column":42},"end":{"line":232,"column":53}},"86":{"start":{"line":233,"column":42},"end":{"line":233,"column":56}},"87":{"start":{"line":236,"column":28},"end":{"line":244,"column":35}},"88":{"start":{"line":241,"column":36},"end":{"line":241,"column":64}},"89":{"start":{"line":242,"column":36},"end":{"line":242,"column":67}},"90":{"start":{"line":243,"column":36},"end":{"line":243,"column":43}},"91":{"start":{"line":249,"column":8},"end":{"line":287,"column":11}},"92":{"start":{"line":251,"column":25},"end":{"line":256,"column":13}},"93":{"start":{"line":258,"column":12},"end":{"line":286,"column":19}},"94":{"start":{"line":263,"column":34},"end":{"line":266,"column":21}},"95":{"start":{"line":268,"column":20},"end":{"line":285,"column":27}},"96":{"start":{"line":273,"column":42},"end":{"line":273,"column":53}},"97":{"start":{"line":274,"column":42},"end":{"line":274,"column":61}},"98":{"start":{"line":277,"column":28},"end":{"line":284,"column":35}},"99":{"start":{"line":282,"column":36},"end":{"line":282,"column":64}},"100":{"start":{"line":283,"column":36},"end":{"line":283,"column":43}},"101":{"start":{"line":289,"column":8},"end":{"line":329,"column":11}},"102":{"start":{"line":291,"column":25},"end":{"line":296,"column":13}},"103":{"start":{"line":298,"column":12},"end":{"line":328,"column":19}},"104":{"start":{"line":303,"column":34},"end":{"line":306,"column":21}},"105":{"start":{"line":308,"column":20},"end":{"line":327,"column":27}},"106":{"start":{"line":313,"column":42},"end":{"line":313,"column":53}},"107":{"start":{"line":314,"column":42},"end":{"line":314,"column":56}},"108":{"start":{"line":317,"column":28},"end":{"line":326,"column":35}},"109":{"start":{"line":322,"column":36},"end":{"line":322,"column":64}},"110":{"start":{"line":323,"column":36},"end":{"line":323,"column":67}},"111":{"start":{"line":324,"column":36},"end":{"line":324,"column":87}},"112":{"start":{"line":325,"column":36},"end":{"line":325,"column":43}},"113":{"start":{"line":331,"column":8},"end":{"line":369,"column":11}},"114":{"start":{"line":333,"column":25},"end":{"line":338,"column":13}},"115":{"start":{"line":340,"column":12},"end":{"line":368,"column":19}},"116":{"start":{"line":345,"column":34},"end":{"line":348,"column":21}},"117":{"start":{"line":350,"column":20},"end":{"line":367,"column":27}},"118":{"start":{"line":355,"column":42},"end":{"line":355,"column":53}},"119":{"start":{"line":356,"column":42},"end":{"line":356,"column":61}},"120":{"start":{"line":359,"column":28},"end":{"line":366,"column":35}},"121":{"start":{"line":364,"column":36},"end":{"line":364,"column":64}},"122":{"start":{"line":365,"column":36},"end":{"line":365,"column":43}}},"fnMap":{"0":{"name":"(anonymous_0)","decl":{"start":{"line":12,"column":18},"end":{"line":12,"column":19}},"loc":{"start":{"line":12,"column":24},"end":{"line":371,"column":1}},"line":12},"1":{"name":"(anonymous_1)","decl":{"start":{"line":14,"column":15},"end":{"line":14,"column":16}},"loc":{"start":{"line":14,"column":25},"end":{"line":20,"column":5}},"line":14},"2":{"name":"(anonymous_2)","decl":{"start":{"line":15,"column":30},"end":{"line":15,"column":31}},"loc":{"start":{"line":15,"column":36},"end":{"line":19,"column":9}},"line":15},"3":{"name":"(anonymous_3)","decl":{"start":{"line":16,"column":32},"end":{"line":16,"column":33}},"loc":{"start":{"line":16,"column":38},"end":{"line":18,"column":13}},"line":16},"4":{"name":"(anonymous_4)","decl":{"start":{"line":21,"column":14},"end":{"line":21,"column":15}},"loc":{"start":{"line":21,"column":24},"end":{"line":27,"column":5}},"line":21},"5":{"name":"(anonymous_5)","decl":{"start":{"line":22,"column":30},"end":{"line":22,"column":31}},"loc":{"start":{"line":22,"column":36},"end":{"line":26,"column":9}},"line":22},"6":{"name":"(anonymous_6)","decl":{"start":{"line":23,"column":32},"end":{"line":23,"column":33}},"loc":{"start":{"line":23,"column":38},"end":{"line":25,"column":13}},"line":23},"7":{"name":"(anonymous_7)","decl":{"start":{"line":28,"column":10},"end":{"line":28,"column":11}},"loc":{"start":{"line":28,"column":20},"end":{"line":36,"column":5}},"line":28},"8":{"name":"(anonymous_8)","decl":{"start":{"line":29,"column":44},"end":{"line":29,"column":45}},"loc":{"start":{"line":29,"column":50},"end":{"line":35,"column":9}},"line":29},"9":{"name":"(anonymous_9)","decl":{"start":{"line":30,"column":34},"end":{"line":30,"column":35}},"loc":{"start":{"line":30,"column":40},"end":{"line":34,"column":13}},"line":30},"10":{"name":"(anonymous_10)","decl":{"start":{"line":31,"column":36},"end":{"line":31,"column":37}},"loc":{"start":{"line":31,"column":42},"end":{"line":33,"column":17}},"line":31},"11":{"name":"(anonymous_11)","decl":{"start":{"line":38,"column":43},"end":{"line":38,"column":44}},"loc":{"start":{"line":38,"column":49},"end":{"line":107,"column":5}},"line":38},"12":{"name":"(anonymous_12)","decl":{"start":{"line":39,"column":52},"end":{"line":39,"column":53}},"loc":{"start":{"line":39,"column":62},"end":{"line":57,"column":9}},"line":39},"13":{"name":"(anonymous_13)","decl":{"start":{"line":51,"column":21},"end":{"line":51,"column":22}},"loc":{"start":{"line":51,"column":35},"end":{"line":56,"column":17}},"line":51},"14":{"name":"(anonymous_14)","decl":{"start":{"line":59,"column":46},"end":{"line":59,"column":47}},"loc":{"start":{"line":59,"column":56},"end":{"line":87,"column":9}},"line":59},"15":{"name":"(anonymous_15)","decl":{"start":{"line":71,"column":21},"end":{"line":71,"column":22}},"loc":{"start":{"line":71,"column":35},"end":{"line":86,"column":17}},"line":71},"16":{"name":"(anonymous_16)","decl":{"start":{"line":80,"column":25},"end":{"line":80,"column":26}},"loc":{"start":{"line":80,"column":39},"end":{"line":85,"column":21}},"line":80},"17":{"name":"(anonymous_17)","decl":{"start":{"line":89,"column":67},"end":{"line":89,"column":68}},"loc":{"start":{"line":89,"column":77},"end":{"line":106,"column":9}},"line":89},"18":{"name":"(anonymous_18)","decl":{"start":{"line":100,"column":21},"end":{"line":100,"column":22}},"loc":{"start":{"line":100,"column":35},"end":{"line":105,"column":17}},"line":100},"19":{"name":"(anonymous_19)","decl":{"start":{"line":109,"column":45},"end":{"line":109,"column":46}},"loc":{"start":{"line":109,"column":51},"end":{"line":205,"column":5}},"line":109},"20":{"name":"(anonymous_20)","decl":{"start":{"line":110,"column":52},"end":{"line":110,"column":53}},"loc":{"start":{"line":110,"column":62},"end":{"line":140,"column":9}},"line":110},"21":{"name":"(anonymous_21)","decl":{"start":{"line":122,"column":21},"end":{"line":122,"column":22}},"loc":{"start":{"line":122,"column":30},"end":{"line":139,"column":17}},"line":122},"22":{"name":"(anonymous_22)","decl":{"start":{"line":132,"column":29},"end":{"line":132,"column":30}},"loc":{"start":{"line":132,"column":43},"end":{"line":138,"column":25}},"line":132},"23":{"name":"(anonymous_23)","decl":{"start":{"line":142,"column":69},"end":{"line":142,"column":70}},"loc":{"start":{"line":142,"column":79},"end":{"line":172,"column":9}},"line":142},"24":{"name":"(anonymous_24)","decl":{"start":{"line":154,"column":21},"end":{"line":154,"column":22}},"loc":{"start":{"line":154,"column":30},"end":{"line":171,"column":17}},"line":154},"25":{"name":"(anonymous_25)","decl":{"start":{"line":164,"column":29},"end":{"line":164,"column":30}},"loc":{"start":{"line":164,"column":43},"end":{"line":170,"column":25}},"line":164},"26":{"name":"(anonymous_26)","decl":{"start":{"line":174,"column":65},"end":{"line":174,"column":66}},"loc":{"start":{"line":174,"column":75},"end":{"line":204,"column":10}},"line":174},"27":{"name":"(anonymous_27)","decl":{"start":{"line":186,"column":22},"end":{"line":186,"column":23}},"loc":{"start":{"line":186,"column":31},"end":{"line":203,"column":18}},"line":186},"28":{"name":"(anonymous_28)","decl":{"start":{"line":196,"column":30},"end":{"line":196,"column":31}},"loc":{"start":{"line":196,"column":44},"end":{"line":202,"column":26}},"line":196},"29":{"name":"(anonymous_29)","decl":{"start":{"line":207,"column":38},"end":{"line":207,"column":39}},"loc":{"start":{"line":207,"column":44},"end":{"line":370,"column":5}},"line":207},"30":{"name":"(anonymous_30)","decl":{"start":{"line":208,"column":51},"end":{"line":208,"column":52}},"loc":{"start":{"line":208,"column":61},"end":{"line":247,"column":9}},"line":208},"31":{"name":"(anonymous_31)","decl":{"start":{"line":220,"column":21},"end":{"line":220,"column":22}},"loc":{"start":{"line":220,"column":30},"end":{"line":246,"column":17}},"line":220},"32":{"name":"(anonymous_32)","decl":{"start":{"line":230,"column":29},"end":{"line":230,"column":30}},"loc":{"start":{"line":230,"column":43},"end":{"line":245,"column":25}},"line":230},"33":{"name":"(anonymous_33)","decl":{"start":{"line":240,"column":37},"end":{"line":240,"column":38}},"loc":{"start":{"line":240,"column":51},"end":{"line":244,"column":33}},"line":240},"34":{"name":"(anonymous_34)","decl":{"start":{"line":249,"column":77},"end":{"line":249,"column":78}},"loc":{"start":{"line":249,"column":87},"end":{"line":287,"column":9}},"line":249},"35":{"name":"(anonymous_35)","decl":{"start":{"line":261,"column":21},"end":{"line":261,"column":22}},"loc":{"start":{"line":261,"column":30},"end":{"line":286,"column":17}},"line":261},"36":{"name":"(anonymous_36)","decl":{"start":{"line":271,"column":29},"end":{"line":271,"column":30}},"loc":{"start":{"line":271,"column":43},"end":{"line":285,"column":25}},"line":271},"37":{"name":"(anonymous_37)","decl":{"start":{"line":281,"column":37},"end":{"line":281,"column":38}},"loc":{"start":{"line":281,"column":51},"end":{"line":284,"column":33}},"line":281},"38":{"name":"(anonymous_38)","decl":{"start":{"line":289,"column":54},"end":{"line":289,"column":55}},"loc":{"start":{"line":289,"column":64},"end":{"line":329,"column":9}},"line":289},"39":{"name":"(anonymous_39)","decl":{"start":{"line":301,"column":21},"end":{"line":301,"column":22}},"loc":{"start":{"line":301,"column":30},"end":{"line":328,"column":17}},"line":301},"40":{"name":"(anonymous_40)","decl":{"start":{"line":311,"column":29},"end":{"line":311,"column":30}},"loc":{"start":{"line":311,"column":43},"end":{"line":327,"column":25}},"line":311},"41":{"name":"(anonymous_41)","decl":{"start":{"line":321,"column":37},"end":{"line":321,"column":38}},"loc":{"start":{"line":321,"column":51},"end":{"line":326,"column":33}},"line":321},"42":{"name":"(anonymous_42)","decl":{"start":{"line":331,"column":80},"end":{"line":331,"column":81}},"loc":{"start":{"line":331,"column":90},"end":{"line":369,"column":9}},"line":331},"43":{"name":"(anonymous_43)","decl":{"start":{"line":343,"column":21},"end":{"line":343,"column":22}},"loc":{"start":{"line":343,"column":30},"end":{"line":368,"column":17}},"line":343},"44":{"name":"(anonymous_44)","decl":{"start":{"line":353,"column":29},"end":{"line":353,"column":30}},"loc":{"start":{"line":353,"column":43},"end":{"line":367,"column":25}},"line":353},"45":{"name":"(anonymous_45)","decl":{"start":{"line":363,"column":37},"end":{"line":363,"column":38}},"loc":{"start":{"line":363,"column":51},"end":{"line":366,"column":33}},"line":363}},"branchMap":{},"s":{"0":1,"1":1,"2":1,"3":1,"4":1,"5":1,"6":1,"7":1,"8":1,"9":1,"10":10,"11":10,"12":10,"13":1,"14":10,"15":10,"16":10,"17":1,"18":1,"19":1,"20":1,"21":1,"22":1,"23":1,"24":1,"25":1,"26":1,"27":1,"28":1,"29":1,"30":1,"31":1,"32":1,"33":1,"34":1,"35":1,"36":1,"37":1,"38":1,"39":1,"40":1,"41":1,"42":1,"43":1,"44":1,"45":1,"46":1,"47":1,"48":1,"49":1,"50":1,"51":1,"52":1,"53":1,"54":1,"55":1,"56":1,"57":1,"58":1,"59":1,"60":1,"61":1,"62":1,"63":1,"64":1,"65":1,"66":1,"67":1,"68":1,"69":1,"70":1,"71":1,"72":1,"73":1,"74":1,"75":1,"76":1,"77":1,"78":1,"79":1,"80":1,"81":1,"82":1,"83":1,"84":1,"85":1,"86":1,"87":1,"88":1,"89":1,"90":1,"91":1,"92":1,"93":1,"94":1,"95":1,"96":1,"97":1,"98":1,"99":1,"100":1,"101":1,"102":1,"103":1,"104":1,"105":1,"106":1,"107":1,"108":1,"109":1,"110":1,"111":1,"112":1,"113":1,"114":1,"115":1,"116":1,"117":1,"118":1,"119":1,"120":1,"121":1,"122":1},"f":{"0":1,"1":10,"2":10,"3":10,"4":10,"5":10,"6":10,"7":1,"8":1,"9":1,"10":1,"11":1,"12":1,"13":1,"14":1,"15":1,"16":1,"17":1,"18":1,"19":1,"20":1,"21":1,"22":1,"23":1,"24":1,"25":1,"26":1,"27":1,"28":1,"29":1,"30":1,"31":1,"32":1,"33":1,"34":1,"35":1,"36":1,"37":1,"38":1,"39":1,"40":1,"41":1,"42":1,"43":1,"44":1,"45":1},"b":{},"_coverageSchema":"1a1c01bbd47fc00a2c39e90264f33305004495a9","hash":"2cde4f9e84f9115fd783614b75c1aeb1ad002763","contentHash":"a578fd3c26bc33cfb37cb0ae029ac5297fc319b497b6eb51b24071385d7941a4"}}